<?xml version="1.0" encoding="UTF-8"?>
<testsuite xmlns:xsi="http://www.w3.org/2001/XMLSchema-instance" xsi:noNamespaceSchemaLocation="https://maven.apache.org/surefire/maven-surefire-plugin/xsd/surefire-test-report-3.0.xsd" version="3.0" name="TestSuite" time="156.877" tests="42" errors="0" skipped="0" failures="0">
  <properties>
    <property name="java.specification.version" value="16"/>
    <property name="webdriver.chrome.driver" value="/Users/dzmitryrazhkou/.cache/selenium/chromedriver/mac64/106.0.5249.61/chromedriver"/>
    <property name="sun.jnu.encoding" value="UTF-8"/>
    <property name="java.class.path" value="/Users/dzmitryrazhkou/Documents/Automation/OpenCart_Selenium/target/test-classes:/Users/dzmitryrazhkou/Documents/Automation/OpenCart_Selenium/target/classes:/Users/dzmitryrazhkou/.m2/repository/junit/junit/4.13.2/junit-4.13.2.jar:/Users/dzmitryrazhkou/.m2/repository/org/hamcrest/hamcrest-core/1.3/hamcrest-core-1.3.jar:/Users/dzmitryrazhkou/.m2/repository/org/testng/testng/7.6.1/testng-7.6.1.jar:/Users/dzmitryrazhkou/.m2/repository/com/google/code/findbugs/jsr305/3.0.2/jsr305-3.0.2.jar:/Users/dzmitryrazhkou/.m2/repository/com/beust/jcommander/1.82/jcommander-1.82.jar:/Users/dzmitryrazhkou/.m2/repository/org/webjars/jquery/3.6.0/jquery-3.6.0.jar:/Users/dzmitryrazhkou/.m2/repository/org/seleniumhq/selenium/selenium-java/4.6.0/selenium-java-4.6.0.jar:/Users/dzmitryrazhkou/.m2/repository/org/seleniumhq/selenium/selenium-api/4.6.0/selenium-api-4.6.0.jar:/Users/dzmitryrazhkou/.m2/repository/org/seleniumhq/selenium/selenium-chrome-driver/4.6.0/selenium-chrome-driver-4.6.0.jar:/Users/dzmitryrazhkou/.m2/repository/com/google/auto/service/auto-service-annotations/1.0.1/auto-service-annotations-1.0.1.jar:/Users/dzmitryrazhkou/.m2/repository/com/google/auto/service/auto-service/1.0.1/auto-service-1.0.1.jar:/Users/dzmitryrazhkou/.m2/repository/com/google/auto/auto-common/1.2/auto-common-1.2.jar:/Users/dzmitryrazhkou/.m2/repository/com/google/guava/guava/31.1-jre/guava-31.1-jre.jar:/Users/dzmitryrazhkou/.m2/repository/com/google/guava/failureaccess/1.0.1/failureaccess-1.0.1.jar:/Users/dzmitryrazhkou/.m2/repository/com/google/guava/listenablefuture/9999.0-empty-to-avoid-conflict-with-guava/listenablefuture-9999.0-empty-to-avoid-conflict-with-guava.jar:/Users/dzmitryrazhkou/.m2/repository/org/checkerframework/checker-qual/3.12.0/checker-qual-3.12.0.jar:/Users/dzmitryrazhkou/.m2/repository/com/google/errorprone/error_prone_annotations/2.11.0/error_prone_annotations-2.11.0.jar:/Users/dzmitryrazhkou/.m2/repository/com/google/j2objc/j2objc-annotations/1.3/j2objc-annotations-1.3.jar:/Users/dzmitryrazhkou/.m2/repository/org/seleniumhq/selenium/selenium-chromium-driver/4.6.0/selenium-chromium-driver-4.6.0.jar:/Users/dzmitryrazhkou/.m2/repository/org/seleniumhq/selenium/selenium-json/4.6.0/selenium-json-4.6.0.jar:/Users/dzmitryrazhkou/.m2/repository/org/seleniumhq/selenium/selenium-devtools-v105/4.6.0/selenium-devtools-v105-4.6.0.jar:/Users/dzmitryrazhkou/.m2/repository/org/seleniumhq/selenium/selenium-devtools-v106/4.6.0/selenium-devtools-v106-4.6.0.jar:/Users/dzmitryrazhkou/.m2/repository/org/seleniumhq/selenium/selenium-devtools-v107/4.6.0/selenium-devtools-v107-4.6.0.jar:/Users/dzmitryrazhkou/.m2/repository/org/seleniumhq/selenium/selenium-devtools-v85/4.6.0/selenium-devtools-v85-4.6.0.jar:/Users/dzmitryrazhkou/.m2/repository/org/seleniumhq/selenium/selenium-edge-driver/4.6.0/selenium-edge-driver-4.6.0.jar:/Users/dzmitryrazhkou/.m2/repository/org/seleniumhq/selenium/selenium-firefox-driver/4.6.0/selenium-firefox-driver-4.6.0.jar:/Users/dzmitryrazhkou/.m2/repository/org/seleniumhq/selenium/selenium-ie-driver/4.6.0/selenium-ie-driver-4.6.0.jar:/Users/dzmitryrazhkou/.m2/repository/org/seleniumhq/selenium/selenium-remote-driver/4.6.0/selenium-remote-driver-4.6.0.jar:/Users/dzmitryrazhkou/.m2/repository/io/netty/netty-buffer/4.1.84.Final/netty-buffer-4.1.84.Final.jar:/Users/dzmitryrazhkou/.m2/repository/io/netty/netty-codec-http/4.1.84.Final/netty-codec-http-4.1.84.Final.jar:/Users/dzmitryrazhkou/.m2/repository/io/netty/netty-codec/4.1.84.Final/netty-codec-4.1.84.Final.jar:/Users/dzmitryrazhkou/.m2/repository/io/netty/netty-handler/4.1.84.Final/netty-handler-4.1.84.Final.jar:/Users/dzmitryrazhkou/.m2/repository/io/netty/netty-common/4.1.84.Final/netty-common-4.1.84.Final.jar:/Users/dzmitryrazhkou/.m2/repository/io/netty/netty-transport-classes-epoll/4.1.84.Final/netty-transport-classes-epoll-4.1.84.Final.jar:/Users/dzmitryrazhkou/.m2/repository/io/netty/netty-transport-classes-kqueue/4.1.84.Final/netty-transport-classes-kqueue-4.1.84.Final.jar:/Users/dzmitryrazhkou/.m2/repository/io/netty/netty-transport-native-epoll/4.1.84.Final/netty-transport-native-epoll-4.1.84.Final.jar:/Users/dzmitryrazhkou/.m2/repository/io/netty/netty-transport-native-kqueue/4.1.84.Final/netty-transport-native-kqueue-4.1.84.Final.jar:/Users/dzmitryrazhkou/.m2/repository/io/netty/netty-transport-native-unix-common/4.1.84.Final/netty-transport-native-unix-common-4.1.84.Final.jar:/Users/dzmitryrazhkou/.m2/repository/io/netty/netty-transport/4.1.84.Final/netty-transport-4.1.84.Final.jar:/Users/dzmitryrazhkou/.m2/repository/io/netty/netty-resolver/4.1.84.Final/netty-resolver-4.1.84.Final.jar:/Users/dzmitryrazhkou/.m2/repository/io/opentelemetry/opentelemetry-api/1.19.0/opentelemetry-api-1.19.0.jar:/Users/dzmitryrazhkou/.m2/repository/io/opentelemetry/opentelemetry-context/1.19.0/opentelemetry-context-1.19.0.jar:/Users/dzmitryrazhkou/.m2/repository/io/opentelemetry/opentelemetry-exporter-logging/1.19.0/opentelemetry-exporter-logging-1.19.0.jar:/Users/dzmitryrazhkou/.m2/repository/io/opentelemetry/opentelemetry-sdk-metrics/1.19.0/opentelemetry-sdk-metrics-1.19.0.jar:/Users/dzmitryrazhkou/.m2/repository/io/opentelemetry/opentelemetry-sdk-logs/1.19.0-alpha/opentelemetry-sdk-logs-1.19.0-alpha.jar:/Users/dzmitryrazhkou/.m2/repository/io/opentelemetry/opentelemetry-api-logs/1.19.0-alpha/opentelemetry-api-logs-1.19.0-alpha.jar:/Users/dzmitryrazhkou/.m2/repository/io/opentelemetry/opentelemetry-sdk-common/1.19.0/opentelemetry-sdk-common-1.19.0.jar:/Users/dzmitryrazhkou/.m2/repository/io/opentelemetry/opentelemetry-sdk-extension-autoconfigure-spi/1.19.0/opentelemetry-sdk-extension-autoconfigure-spi-1.19.0.jar:/Users/dzmitryrazhkou/.m2/repository/io/opentelemetry/opentelemetry-sdk-extension-autoconfigure/1.19.0-alpha/opentelemetry-sdk-extension-autoconfigure-1.19.0-alpha.jar:/Users/dzmitryrazhkou/.m2/repository/io/opentelemetry/opentelemetry-exporter-common/1.19.0/opentelemetry-exporter-common-1.19.0.jar:/Users/dzmitryrazhkou/.m2/repository/io/opentelemetry/opentelemetry-sdk-trace/1.19.0/opentelemetry-sdk-trace-1.19.0.jar:/Users/dzmitryrazhkou/.m2/repository/io/opentelemetry/opentelemetry-sdk/1.19.0/opentelemetry-sdk-1.19.0.jar:/Users/dzmitryrazhkou/.m2/repository/io/opentelemetry/opentelemetry-semconv/1.19.0-alpha/opentelemetry-semconv-1.19.0-alpha.jar:/Users/dzmitryrazhkou/.m2/repository/io/ous/jtoml/2.0.0/jtoml-2.0.0.jar:/Users/dzmitryrazhkou/.m2/repository/net/bytebuddy/byte-buddy/1.12.18/byte-buddy-1.12.18.jar:/Users/dzmitryrazhkou/.m2/repository/org/apache/commons/commons-exec/1.3/commons-exec-1.3.jar:/Users/dzmitryrazhkou/.m2/repository/org/asynchttpclient/async-http-client/2.12.3/async-http-client-2.12.3.jar:/Users/dzmitryrazhkou/.m2/repository/org/asynchttpclient/async-http-client-netty-utils/2.12.3/async-http-client-netty-utils-2.12.3.jar:/Users/dzmitryrazhkou/.m2/repository/io/netty/netty-codec-socks/4.1.60.Final/netty-codec-socks-4.1.60.Final.jar:/Users/dzmitryrazhkou/.m2/repository/io/netty/netty-handler-proxy/4.1.60.Final/netty-handler-proxy-4.1.60.Final.jar:/Users/dzmitryrazhkou/.m2/repository/io/netty/netty-transport-native-epoll/4.1.60.Final/netty-transport-native-epoll-4.1.60.Final-linux-x86_64.jar:/Users/dzmitryrazhkou/.m2/repository/io/netty/netty-transport-native-kqueue/4.1.60.Final/netty-transport-native-kqueue-4.1.60.Final-osx-x86_64.jar:/Users/dzmitryrazhkou/.m2/repository/org/reactivestreams/reactive-streams/1.0.3/reactive-streams-1.0.3.jar:/Users/dzmitryrazhkou/.m2/repository/com/typesafe/netty/netty-reactive-streams/2.0.4/netty-reactive-streams-2.0.4.jar:/Users/dzmitryrazhkou/.m2/repository/com/sun/activation/jakarta.activation/1.2.2/jakarta.activation-1.2.2.jar:/Users/dzmitryrazhkou/.m2/repository/org/seleniumhq/selenium/selenium-http/4.6.0/selenium-http-4.6.0.jar:/Users/dzmitryrazhkou/.m2/repository/dev/failsafe/failsafe/3.3.0/failsafe-3.3.0.jar:/Users/dzmitryrazhkou/.m2/repository/org/seleniumhq/selenium/selenium-manager/4.6.0/selenium-manager-4.6.0.jar:/Users/dzmitryrazhkou/.m2/repository/org/seleniumhq/selenium/selenium-safari-driver/4.6.0/selenium-safari-driver-4.6.0.jar:/Users/dzmitryrazhkou/.m2/repository/org/seleniumhq/selenium/selenium-support/4.6.0/selenium-support-4.6.0.jar:/Users/dzmitryrazhkou/.m2/repository/io/github/bonigarcia/webdrivermanager/5.3.1/webdrivermanager-5.3.1.jar:/Users/dzmitryrazhkou/.m2/repository/com/google/code/gson/gson/2.10/gson-2.10.jar:/Users/dzmitryrazhkou/.m2/repository/com/github/docker-java/docker-java/3.2.13/docker-java-3.2.13.jar:/Users/dzmitryrazhkou/.m2/repository/com/github/docker-java/docker-java-core/3.2.13/docker-java-core-3.2.13.jar:/Users/dzmitryrazhkou/.m2/repository/com/github/docker-java/docker-java-api/3.2.13/docker-java-api-3.2.13.jar:/Users/dzmitryrazhkou/.m2/repository/com/fasterxml/jackson/core/jackson-annotations/2.10.3/jackson-annotations-2.10.3.jar:/Users/dzmitryrazhkou/.m2/repository/com/fasterxml/jackson/core/jackson-databind/2.10.3/jackson-databind-2.10.3.jar:/Users/dzmitryrazhkou/.m2/repository/com/fasterxml/jackson/core/jackson-core/2.10.3/jackson-core-2.10.3.jar:/Users/dzmitryrazhkou/.m2/repository/org/bouncycastle/bcpkix-jdk15on/1.64/bcpkix-jdk15on-1.64.jar:/Users/dzmitryrazhkou/.m2/repository/org/bouncycastle/bcprov-jdk15on/1.64/bcprov-jdk15on-1.64.jar:/Users/dzmitryrazhkou/.m2/repository/org/slf4j/jcl-over-slf4j/1.7.30/jcl-over-slf4j-1.7.30.jar:/Users/dzmitryrazhkou/.m2/repository/com/github/docker-java/docker-java-transport-httpclient5/3.2.13/docker-java-transport-httpclient5-3.2.13.jar:/Users/dzmitryrazhkou/.m2/repository/com/github/docker-java/docker-java-transport/3.2.13/docker-java-transport-3.2.13.jar:/Users/dzmitryrazhkou/.m2/repository/net/java/dev/jna/jna/5.8.0/jna-5.8.0.jar:/Users/dzmitryrazhkou/.m2/repository/org/brotli/dec/0.1.2/dec-0.1.2.jar:/Users/dzmitryrazhkou/.m2/repository/org/apache/httpcomponents/client5/httpclient5/5.1.3/httpclient5-5.1.3.jar:/Users/dzmitryrazhkou/.m2/repository/org/apache/httpcomponents/core5/httpcore5/5.1.3/httpcore5-5.1.3.jar:/Users/dzmitryrazhkou/.m2/repository/org/apache/httpcomponents/core5/httpcore5-h2/5.1.3/httpcore5-h2-5.1.3.jar:/Users/dzmitryrazhkou/.m2/repository/commons-codec/commons-codec/1.15/commons-codec-1.15.jar:/Users/dzmitryrazhkou/.m2/repository/io/qameta/allure/allure-testng/2.20.1/allure-testng-2.20.1.jar:/Users/dzmitryrazhkou/.m2/repository/io/qameta/allure/allure-java-commons/2.20.1/allure-java-commons-2.20.1.jar:/Users/dzmitryrazhkou/.m2/repository/io/qameta/allure/allure-model/2.20.1/allure-model-2.20.1.jar:/Users/dzmitryrazhkou/.m2/repository/io/qameta/allure/allure-test-filter/2.20.1/allure-test-filter-2.20.1.jar:/Users/dzmitryrazhkou/.m2/repository/log4j/log4j/1.2.17/log4j-1.2.17.jar:/Users/dzmitryrazhkou/.m2/repository/org/apache/poi/poi-ooxml/5.2.2/poi-ooxml-5.2.2.jar:/Users/dzmitryrazhkou/.m2/repository/org/apache/poi/poi/5.2.2/poi-5.2.2.jar:/Users/dzmitryrazhkou/.m2/repository/org/apache/commons/commons-math3/3.6.1/commons-math3-3.6.1.jar:/Users/dzmitryrazhkou/.m2/repository/com/zaxxer/SparseBitSet/1.2/SparseBitSet-1.2.jar:/Users/dzmitryrazhkou/.m2/repository/org/apache/poi/poi-ooxml-lite/5.2.2/poi-ooxml-lite-5.2.2.jar:/Users/dzmitryrazhkou/.m2/repository/org/apache/xmlbeans/xmlbeans/5.0.3/xmlbeans-5.0.3.jar:/Users/dzmitryrazhkou/.m2/repository/org/apache/commons/commons-compress/1.21/commons-compress-1.21.jar:/Users/dzmitryrazhkou/.m2/repository/commons-io/commons-io/2.11.0/commons-io-2.11.0.jar:/Users/dzmitryrazhkou/.m2/repository/com/github/virtuald/curvesapi/1.07/curvesapi-1.07.jar:/Users/dzmitryrazhkou/.m2/repository/org/apache/logging/log4j/log4j-api/2.17.2/log4j-api-2.17.2.jar:/Users/dzmitryrazhkou/.m2/repository/org/apache/commons/commons-collections4/4.4/commons-collections4-4.4.jar:/Users/dzmitryrazhkou/.m2/repository/io/rest-assured/rest-assured/5.2.0/rest-assured-5.2.0.jar:/Users/dzmitryrazhkou/.m2/repository/org/apache/groovy/groovy/4.0.1/groovy-4.0.1.jar:/Users/dzmitryrazhkou/.m2/repository/org/apache/groovy/groovy-xml/4.0.1/groovy-xml-4.0.1.jar:/Users/dzmitryrazhkou/.m2/repository/org/apache/httpcomponents/httpclient/4.5.13/httpclient-4.5.13.jar:/Users/dzmitryrazhkou/.m2/repository/org/apache/httpcomponents/httpcore/4.4.13/httpcore-4.4.13.jar:/Users/dzmitryrazhkou/.m2/repository/commons-logging/commons-logging/1.2/commons-logging-1.2.jar:/Users/dzmitryrazhkou/.m2/repository/org/apache/httpcomponents/httpmime/4.5.13/httpmime-4.5.13.jar:/Users/dzmitryrazhkou/.m2/repository/org/hamcrest/hamcrest/2.1/hamcrest-2.1.jar:/Users/dzmitryrazhkou/.m2/repository/org/ccil/cowan/tagsoup/tagsoup/1.2.1/tagsoup-1.2.1.jar:/Users/dzmitryrazhkou/.m2/repository/io/rest-assured/json-path/5.2.0/json-path-5.2.0.jar:/Users/dzmitryrazhkou/.m2/repository/org/apache/groovy/groovy-json/4.0.1/groovy-json-4.0.1.jar:/Users/dzmitryrazhkou/.m2/repository/io/rest-assured/rest-assured-common/5.2.0/rest-assured-common-5.2.0.jar:/Users/dzmitryrazhkou/.m2/repository/io/rest-assured/xml-path/5.2.0/xml-path-5.2.0.jar:/Users/dzmitryrazhkou/.m2/repository/org/slf4j/slf4j-api/2.0.3/slf4j-api-2.0.3.jar:/Users/dzmitryrazhkou/.m2/repository/com/github/javafaker/javafaker/1.0.2/javafaker-1.0.2.jar:/Users/dzmitryrazhkou/.m2/repository/org/yaml/snakeyaml/1.23/snakeyaml-1.23-android.jar:/Users/dzmitryrazhkou/.m2/repository/com/github/mifmif/generex/1.0.2/generex-1.0.2.jar:/Users/dzmitryrazhkou/.m2/repository/dk/brics/automaton/automaton/1.11-8/automaton-1.11-8.jar:/Users/dzmitryrazhkou/.m2/repository/com/relevantcodes/extentreports/2.41.2/extentreports-2.41.2.jar:/Users/dzmitryrazhkou/.m2/repository/org/jsoup/jsoup/1.8.3/jsoup-1.8.3.jar:/Users/dzmitryrazhkou/.m2/repository/org/xerial/sqlite-jdbc/3.8.11.1/sqlite-jdbc-3.8.11.1.jar:/Users/dzmitryrazhkou/.m2/repository/org/freemarker/freemarker/2.3.23/freemarker-2.3.23.jar:/Users/dzmitryrazhkou/.m2/repository/org/mongodb/mongodb-driver/3.0.4/mongodb-driver-3.0.4.jar:/Users/dzmitryrazhkou/.m2/repository/org/mongodb/bson/3.0.4/bson-3.0.4.jar:/Users/dzmitryrazhkou/.m2/repository/org/mongodb/mongodb-driver-core/3.0.4/mongodb-driver-core-3.0.4.jar:/Users/dzmitryrazhkou/.m2/repository/org/apache/commons/commons-lang3/3.12.0/commons-lang3-3.12.0.jar:"/>
    <property name="java.vm.vendor" value="Homebrew"/>
    <property name="sun.arch.data.model" value="64"/>
    <property name="java.vendor.url" value="https://github.com/Homebrew/homebrew-core/issues"/>
    <property name="user.timezone" value="America/Phoenix"/>
    <property name="os.name" value="Mac OS X"/>
    <property name="java.vm.specification.version" value="16"/>
    <property name="sun.java.launcher" value="SUN_STANDARD"/>
    <property name="user.country" value="US"/>
    <property name="sun.boot.library.path" value="/usr/local/Cellar/openjdk/16.0.1/libexec/openjdk.jdk/Contents/Home/lib"/>
    <property name="sun.java.command" value="/Users/dzmitryrazhkou/Documents/Automation/OpenCart_Selenium/target/surefire/surefirebooter1829198893184445939.jar /Users/dzmitryrazhkou/Documents/Automation/OpenCart_Selenium/target/surefire 2022-12-02T00-52-34_572-jvmRun1 surefire15882278470728452044tmp surefire_03730942484735660638tmp"/>
    <property name="http.nonProxyHosts" value="local|*.local|169.254/16|*.169.254/16"/>
    <property name="jdk.debug" value="release"/>
    <property name="surefire.test.class.path" value="/Users/dzmitryrazhkou/Documents/Automation/OpenCart_Selenium/target/test-classes:/Users/dzmitryrazhkou/Documents/Automation/OpenCart_Selenium/target/classes:/Users/dzmitryrazhkou/.m2/repository/junit/junit/4.13.2/junit-4.13.2.jar:/Users/dzmitryrazhkou/.m2/repository/org/hamcrest/hamcrest-core/1.3/hamcrest-core-1.3.jar:/Users/dzmitryrazhkou/.m2/repository/org/testng/testng/7.6.1/testng-7.6.1.jar:/Users/dzmitryrazhkou/.m2/repository/com/google/code/findbugs/jsr305/3.0.2/jsr305-3.0.2.jar:/Users/dzmitryrazhkou/.m2/repository/com/beust/jcommander/1.82/jcommander-1.82.jar:/Users/dzmitryrazhkou/.m2/repository/org/webjars/jquery/3.6.0/jquery-3.6.0.jar:/Users/dzmitryrazhkou/.m2/repository/org/seleniumhq/selenium/selenium-java/4.6.0/selenium-java-4.6.0.jar:/Users/dzmitryrazhkou/.m2/repository/org/seleniumhq/selenium/selenium-api/4.6.0/selenium-api-4.6.0.jar:/Users/dzmitryrazhkou/.m2/repository/org/seleniumhq/selenium/selenium-chrome-driver/4.6.0/selenium-chrome-driver-4.6.0.jar:/Users/dzmitryrazhkou/.m2/repository/com/google/auto/service/auto-service-annotations/1.0.1/auto-service-annotations-1.0.1.jar:/Users/dzmitryrazhkou/.m2/repository/com/google/auto/service/auto-service/1.0.1/auto-service-1.0.1.jar:/Users/dzmitryrazhkou/.m2/repository/com/google/auto/auto-common/1.2/auto-common-1.2.jar:/Users/dzmitryrazhkou/.m2/repository/com/google/guava/guava/31.1-jre/guava-31.1-jre.jar:/Users/dzmitryrazhkou/.m2/repository/com/google/guava/failureaccess/1.0.1/failureaccess-1.0.1.jar:/Users/dzmitryrazhkou/.m2/repository/com/google/guava/listenablefuture/9999.0-empty-to-avoid-conflict-with-guava/listenablefuture-9999.0-empty-to-avoid-conflict-with-guava.jar:/Users/dzmitryrazhkou/.m2/repository/org/checkerframework/checker-qual/3.12.0/checker-qual-3.12.0.jar:/Users/dzmitryrazhkou/.m2/repository/com/google/errorprone/error_prone_annotations/2.11.0/error_prone_annotations-2.11.0.jar:/Users/dzmitryrazhkou/.m2/repository/com/google/j2objc/j2objc-annotations/1.3/j2objc-annotations-1.3.jar:/Users/dzmitryrazhkou/.m2/repository/org/seleniumhq/selenium/selenium-chromium-driver/4.6.0/selenium-chromium-driver-4.6.0.jar:/Users/dzmitryrazhkou/.m2/repository/org/seleniumhq/selenium/selenium-json/4.6.0/selenium-json-4.6.0.jar:/Users/dzmitryrazhkou/.m2/repository/org/seleniumhq/selenium/selenium-devtools-v105/4.6.0/selenium-devtools-v105-4.6.0.jar:/Users/dzmitryrazhkou/.m2/repository/org/seleniumhq/selenium/selenium-devtools-v106/4.6.0/selenium-devtools-v106-4.6.0.jar:/Users/dzmitryrazhkou/.m2/repository/org/seleniumhq/selenium/selenium-devtools-v107/4.6.0/selenium-devtools-v107-4.6.0.jar:/Users/dzmitryrazhkou/.m2/repository/org/seleniumhq/selenium/selenium-devtools-v85/4.6.0/selenium-devtools-v85-4.6.0.jar:/Users/dzmitryrazhkou/.m2/repository/org/seleniumhq/selenium/selenium-edge-driver/4.6.0/selenium-edge-driver-4.6.0.jar:/Users/dzmitryrazhkou/.m2/repository/org/seleniumhq/selenium/selenium-firefox-driver/4.6.0/selenium-firefox-driver-4.6.0.jar:/Users/dzmitryrazhkou/.m2/repository/org/seleniumhq/selenium/selenium-ie-driver/4.6.0/selenium-ie-driver-4.6.0.jar:/Users/dzmitryrazhkou/.m2/repository/org/seleniumhq/selenium/selenium-remote-driver/4.6.0/selenium-remote-driver-4.6.0.jar:/Users/dzmitryrazhkou/.m2/repository/io/netty/netty-buffer/4.1.84.Final/netty-buffer-4.1.84.Final.jar:/Users/dzmitryrazhkou/.m2/repository/io/netty/netty-codec-http/4.1.84.Final/netty-codec-http-4.1.84.Final.jar:/Users/dzmitryrazhkou/.m2/repository/io/netty/netty-codec/4.1.84.Final/netty-codec-4.1.84.Final.jar:/Users/dzmitryrazhkou/.m2/repository/io/netty/netty-handler/4.1.84.Final/netty-handler-4.1.84.Final.jar:/Users/dzmitryrazhkou/.m2/repository/io/netty/netty-common/4.1.84.Final/netty-common-4.1.84.Final.jar:/Users/dzmitryrazhkou/.m2/repository/io/netty/netty-transport-classes-epoll/4.1.84.Final/netty-transport-classes-epoll-4.1.84.Final.jar:/Users/dzmitryrazhkou/.m2/repository/io/netty/netty-transport-classes-kqueue/4.1.84.Final/netty-transport-classes-kqueue-4.1.84.Final.jar:/Users/dzmitryrazhkou/.m2/repository/io/netty/netty-transport-native-epoll/4.1.84.Final/netty-transport-native-epoll-4.1.84.Final.jar:/Users/dzmitryrazhkou/.m2/repository/io/netty/netty-transport-native-kqueue/4.1.84.Final/netty-transport-native-kqueue-4.1.84.Final.jar:/Users/dzmitryrazhkou/.m2/repository/io/netty/netty-transport-native-unix-common/4.1.84.Final/netty-transport-native-unix-common-4.1.84.Final.jar:/Users/dzmitryrazhkou/.m2/repository/io/netty/netty-transport/4.1.84.Final/netty-transport-4.1.84.Final.jar:/Users/dzmitryrazhkou/.m2/repository/io/netty/netty-resolver/4.1.84.Final/netty-resolver-4.1.84.Final.jar:/Users/dzmitryrazhkou/.m2/repository/io/opentelemetry/opentelemetry-api/1.19.0/opentelemetry-api-1.19.0.jar:/Users/dzmitryrazhkou/.m2/repository/io/opentelemetry/opentelemetry-context/1.19.0/opentelemetry-context-1.19.0.jar:/Users/dzmitryrazhkou/.m2/repository/io/opentelemetry/opentelemetry-exporter-logging/1.19.0/opentelemetry-exporter-logging-1.19.0.jar:/Users/dzmitryrazhkou/.m2/repository/io/opentelemetry/opentelemetry-sdk-metrics/1.19.0/opentelemetry-sdk-metrics-1.19.0.jar:/Users/dzmitryrazhkou/.m2/repository/io/opentelemetry/opentelemetry-sdk-logs/1.19.0-alpha/opentelemetry-sdk-logs-1.19.0-alpha.jar:/Users/dzmitryrazhkou/.m2/repository/io/opentelemetry/opentelemetry-api-logs/1.19.0-alpha/opentelemetry-api-logs-1.19.0-alpha.jar:/Users/dzmitryrazhkou/.m2/repository/io/opentelemetry/opentelemetry-sdk-common/1.19.0/opentelemetry-sdk-common-1.19.0.jar:/Users/dzmitryrazhkou/.m2/repository/io/opentelemetry/opentelemetry-sdk-extension-autoconfigure-spi/1.19.0/opentelemetry-sdk-extension-autoconfigure-spi-1.19.0.jar:/Users/dzmitryrazhkou/.m2/repository/io/opentelemetry/opentelemetry-sdk-extension-autoconfigure/1.19.0-alpha/opentelemetry-sdk-extension-autoconfigure-1.19.0-alpha.jar:/Users/dzmitryrazhkou/.m2/repository/io/opentelemetry/opentelemetry-exporter-common/1.19.0/opentelemetry-exporter-common-1.19.0.jar:/Users/dzmitryrazhkou/.m2/repository/io/opentelemetry/opentelemetry-sdk-trace/1.19.0/opentelemetry-sdk-trace-1.19.0.jar:/Users/dzmitryrazhkou/.m2/repository/io/opentelemetry/opentelemetry-sdk/1.19.0/opentelemetry-sdk-1.19.0.jar:/Users/dzmitryrazhkou/.m2/repository/io/opentelemetry/opentelemetry-semconv/1.19.0-alpha/opentelemetry-semconv-1.19.0-alpha.jar:/Users/dzmitryrazhkou/.m2/repository/io/ous/jtoml/2.0.0/jtoml-2.0.0.jar:/Users/dzmitryrazhkou/.m2/repository/net/bytebuddy/byte-buddy/1.12.18/byte-buddy-1.12.18.jar:/Users/dzmitryrazhkou/.m2/repository/org/apache/commons/commons-exec/1.3/commons-exec-1.3.jar:/Users/dzmitryrazhkou/.m2/repository/org/asynchttpclient/async-http-client/2.12.3/async-http-client-2.12.3.jar:/Users/dzmitryrazhkou/.m2/repository/org/asynchttpclient/async-http-client-netty-utils/2.12.3/async-http-client-netty-utils-2.12.3.jar:/Users/dzmitryrazhkou/.m2/repository/io/netty/netty-codec-socks/4.1.60.Final/netty-codec-socks-4.1.60.Final.jar:/Users/dzmitryrazhkou/.m2/repository/io/netty/netty-handler-proxy/4.1.60.Final/netty-handler-proxy-4.1.60.Final.jar:/Users/dzmitryrazhkou/.m2/repository/io/netty/netty-transport-native-epoll/4.1.60.Final/netty-transport-native-epoll-4.1.60.Final-linux-x86_64.jar:/Users/dzmitryrazhkou/.m2/repository/io/netty/netty-transport-native-kqueue/4.1.60.Final/netty-transport-native-kqueue-4.1.60.Final-osx-x86_64.jar:/Users/dzmitryrazhkou/.m2/repository/org/reactivestreams/reactive-streams/1.0.3/reactive-streams-1.0.3.jar:/Users/dzmitryrazhkou/.m2/repository/com/typesafe/netty/netty-reactive-streams/2.0.4/netty-reactive-streams-2.0.4.jar:/Users/dzmitryrazhkou/.m2/repository/com/sun/activation/jakarta.activation/1.2.2/jakarta.activation-1.2.2.jar:/Users/dzmitryrazhkou/.m2/repository/org/seleniumhq/selenium/selenium-http/4.6.0/selenium-http-4.6.0.jar:/Users/dzmitryrazhkou/.m2/repository/dev/failsafe/failsafe/3.3.0/failsafe-3.3.0.jar:/Users/dzmitryrazhkou/.m2/repository/org/seleniumhq/selenium/selenium-manager/4.6.0/selenium-manager-4.6.0.jar:/Users/dzmitryrazhkou/.m2/repository/org/seleniumhq/selenium/selenium-safari-driver/4.6.0/selenium-safari-driver-4.6.0.jar:/Users/dzmitryrazhkou/.m2/repository/org/seleniumhq/selenium/selenium-support/4.6.0/selenium-support-4.6.0.jar:/Users/dzmitryrazhkou/.m2/repository/io/github/bonigarcia/webdrivermanager/5.3.1/webdrivermanager-5.3.1.jar:/Users/dzmitryrazhkou/.m2/repository/com/google/code/gson/gson/2.10/gson-2.10.jar:/Users/dzmitryrazhkou/.m2/repository/com/github/docker-java/docker-java/3.2.13/docker-java-3.2.13.jar:/Users/dzmitryrazhkou/.m2/repository/com/github/docker-java/docker-java-core/3.2.13/docker-java-core-3.2.13.jar:/Users/dzmitryrazhkou/.m2/repository/com/github/docker-java/docker-java-api/3.2.13/docker-java-api-3.2.13.jar:/Users/dzmitryrazhkou/.m2/repository/com/fasterxml/jackson/core/jackson-annotations/2.10.3/jackson-annotations-2.10.3.jar:/Users/dzmitryrazhkou/.m2/repository/com/fasterxml/jackson/core/jackson-databind/2.10.3/jackson-databind-2.10.3.jar:/Users/dzmitryrazhkou/.m2/repository/com/fasterxml/jackson/core/jackson-core/2.10.3/jackson-core-2.10.3.jar:/Users/dzmitryrazhkou/.m2/repository/org/bouncycastle/bcpkix-jdk15on/1.64/bcpkix-jdk15on-1.64.jar:/Users/dzmitryrazhkou/.m2/repository/org/bouncycastle/bcprov-jdk15on/1.64/bcprov-jdk15on-1.64.jar:/Users/dzmitryrazhkou/.m2/repository/org/slf4j/jcl-over-slf4j/1.7.30/jcl-over-slf4j-1.7.30.jar:/Users/dzmitryrazhkou/.m2/repository/com/github/docker-java/docker-java-transport-httpclient5/3.2.13/docker-java-transport-httpclient5-3.2.13.jar:/Users/dzmitryrazhkou/.m2/repository/com/github/docker-java/docker-java-transport/3.2.13/docker-java-transport-3.2.13.jar:/Users/dzmitryrazhkou/.m2/repository/net/java/dev/jna/jna/5.8.0/jna-5.8.0.jar:/Users/dzmitryrazhkou/.m2/repository/org/brotli/dec/0.1.2/dec-0.1.2.jar:/Users/dzmitryrazhkou/.m2/repository/org/apache/httpcomponents/client5/httpclient5/5.1.3/httpclient5-5.1.3.jar:/Users/dzmitryrazhkou/.m2/repository/org/apache/httpcomponents/core5/httpcore5/5.1.3/httpcore5-5.1.3.jar:/Users/dzmitryrazhkou/.m2/repository/org/apache/httpcomponents/core5/httpcore5-h2/5.1.3/httpcore5-h2-5.1.3.jar:/Users/dzmitryrazhkou/.m2/repository/commons-codec/commons-codec/1.15/commons-codec-1.15.jar:/Users/dzmitryrazhkou/.m2/repository/io/qameta/allure/allure-testng/2.20.1/allure-testng-2.20.1.jar:/Users/dzmitryrazhkou/.m2/repository/io/qameta/allure/allure-java-commons/2.20.1/allure-java-commons-2.20.1.jar:/Users/dzmitryrazhkou/.m2/repository/io/qameta/allure/allure-model/2.20.1/allure-model-2.20.1.jar:/Users/dzmitryrazhkou/.m2/repository/io/qameta/allure/allure-test-filter/2.20.1/allure-test-filter-2.20.1.jar:/Users/dzmitryrazhkou/.m2/repository/log4j/log4j/1.2.17/log4j-1.2.17.jar:/Users/dzmitryrazhkou/.m2/repository/org/apache/poi/poi-ooxml/5.2.2/poi-ooxml-5.2.2.jar:/Users/dzmitryrazhkou/.m2/repository/org/apache/poi/poi/5.2.2/poi-5.2.2.jar:/Users/dzmitryrazhkou/.m2/repository/org/apache/commons/commons-math3/3.6.1/commons-math3-3.6.1.jar:/Users/dzmitryrazhkou/.m2/repository/com/zaxxer/SparseBitSet/1.2/SparseBitSet-1.2.jar:/Users/dzmitryrazhkou/.m2/repository/org/apache/poi/poi-ooxml-lite/5.2.2/poi-ooxml-lite-5.2.2.jar:/Users/dzmitryrazhkou/.m2/repository/org/apache/xmlbeans/xmlbeans/5.0.3/xmlbeans-5.0.3.jar:/Users/dzmitryrazhkou/.m2/repository/org/apache/commons/commons-compress/1.21/commons-compress-1.21.jar:/Users/dzmitryrazhkou/.m2/repository/commons-io/commons-io/2.11.0/commons-io-2.11.0.jar:/Users/dzmitryrazhkou/.m2/repository/com/github/virtuald/curvesapi/1.07/curvesapi-1.07.jar:/Users/dzmitryrazhkou/.m2/repository/org/apache/logging/log4j/log4j-api/2.17.2/log4j-api-2.17.2.jar:/Users/dzmitryrazhkou/.m2/repository/org/apache/commons/commons-collections4/4.4/commons-collections4-4.4.jar:/Users/dzmitryrazhkou/.m2/repository/io/rest-assured/rest-assured/5.2.0/rest-assured-5.2.0.jar:/Users/dzmitryrazhkou/.m2/repository/org/apache/groovy/groovy/4.0.1/groovy-4.0.1.jar:/Users/dzmitryrazhkou/.m2/repository/org/apache/groovy/groovy-xml/4.0.1/groovy-xml-4.0.1.jar:/Users/dzmitryrazhkou/.m2/repository/org/apache/httpcomponents/httpclient/4.5.13/httpclient-4.5.13.jar:/Users/dzmitryrazhkou/.m2/repository/org/apache/httpcomponents/httpcore/4.4.13/httpcore-4.4.13.jar:/Users/dzmitryrazhkou/.m2/repository/commons-logging/commons-logging/1.2/commons-logging-1.2.jar:/Users/dzmitryrazhkou/.m2/repository/org/apache/httpcomponents/httpmime/4.5.13/httpmime-4.5.13.jar:/Users/dzmitryrazhkou/.m2/repository/org/hamcrest/hamcrest/2.1/hamcrest-2.1.jar:/Users/dzmitryrazhkou/.m2/repository/org/ccil/cowan/tagsoup/tagsoup/1.2.1/tagsoup-1.2.1.jar:/Users/dzmitryrazhkou/.m2/repository/io/rest-assured/json-path/5.2.0/json-path-5.2.0.jar:/Users/dzmitryrazhkou/.m2/repository/org/apache/groovy/groovy-json/4.0.1/groovy-json-4.0.1.jar:/Users/dzmitryrazhkou/.m2/repository/io/rest-assured/rest-assured-common/5.2.0/rest-assured-common-5.2.0.jar:/Users/dzmitryrazhkou/.m2/repository/io/rest-assured/xml-path/5.2.0/xml-path-5.2.0.jar:/Users/dzmitryrazhkou/.m2/repository/org/slf4j/slf4j-api/2.0.3/slf4j-api-2.0.3.jar:/Users/dzmitryrazhkou/.m2/repository/com/github/javafaker/javafaker/1.0.2/javafaker-1.0.2.jar:/Users/dzmitryrazhkou/.m2/repository/org/yaml/snakeyaml/1.23/snakeyaml-1.23-android.jar:/Users/dzmitryrazhkou/.m2/repository/com/github/mifmif/generex/1.0.2/generex-1.0.2.jar:/Users/dzmitryrazhkou/.m2/repository/dk/brics/automaton/automaton/1.11-8/automaton-1.11-8.jar:/Users/dzmitryrazhkou/.m2/repository/com/relevantcodes/extentreports/2.41.2/extentreports-2.41.2.jar:/Users/dzmitryrazhkou/.m2/repository/org/jsoup/jsoup/1.8.3/jsoup-1.8.3.jar:/Users/dzmitryrazhkou/.m2/repository/org/xerial/sqlite-jdbc/3.8.11.1/sqlite-jdbc-3.8.11.1.jar:/Users/dzmitryrazhkou/.m2/repository/org/freemarker/freemarker/2.3.23/freemarker-2.3.23.jar:/Users/dzmitryrazhkou/.m2/repository/org/mongodb/mongodb-driver/3.0.4/mongodb-driver-3.0.4.jar:/Users/dzmitryrazhkou/.m2/repository/org/mongodb/bson/3.0.4/bson-3.0.4.jar:/Users/dzmitryrazhkou/.m2/repository/org/mongodb/mongodb-driver-core/3.0.4/mongodb-driver-core-3.0.4.jar:/Users/dzmitryrazhkou/.m2/repository/org/apache/commons/commons-lang3/3.12.0/commons-lang3-3.12.0.jar:"/>
    <property name="sun.cpu.endian" value="little"/>
    <property name="user.home" value="/Users/dzmitryrazhkou"/>
    <property name="user.language" value="en"/>
    <property name="java.specification.vendor" value="Oracle Corporation"/>
    <property name="java.version.date" value="2021-04-20"/>
    <property name="java.home" value="/usr/local/Cellar/openjdk/16.0.1/libexec/openjdk.jdk/Contents/Home"/>
    <property name="file.separator" value="/"/>
    <property name="basedir" value="/Users/dzmitryrazhkou/Documents/Automation/OpenCart_Selenium"/>
    <property name="java.vm.compressedOopsMode" value="Zero based"/>
    <property name="line.separator" value="&#10;"/>
    <property name="java.vm.specification.vendor" value="Oracle Corporation"/>
    <property name="java.specification.name" value="Java Platform API Specification"/>
    <property name="surefire.real.class.path" value="/Users/dzmitryrazhkou/Documents/Automation/OpenCart_Selenium/target/surefire/surefirebooter1829198893184445939.jar"/>
    <property name="sun.management.compiler" value="HotSpot 64-Bit Tiered Compilers"/>
    <property name="ftp.nonProxyHosts" value="local|*.local|169.254/16|*.169.254/16"/>
    <property name="java.runtime.version" value="16.0.1+0"/>
    <property name="user.name" value="dzmitryrazhkou"/>
    <property name="path.separator" value=":"/>
    <property name="os.version" value="13.0.1"/>
    <property name="java.runtime.name" value="OpenJDK Runtime Environment"/>
    <property name="file.encoding" value="UTF-8"/>
    <property name="java.vm.name" value="OpenJDK 64-Bit Server VM"/>
    <property name="java.vendor.version" value="Homebrew"/>
    <property name="localRepository" value="/Users/dzmitryrazhkou/.m2/repository"/>
    <property name="java.vendor.url.bug" value="https://github.com/Homebrew/homebrew-core/issues"/>
    <property name="java.io.tmpdir" value="/var/folders/4y/z4q6qpkd1p1fj9znbkpvjzl40000gn/T/"/>
    <property name="java.version" value="16.0.1"/>
    <property name="user.dir" value="/Users/dzmitryrazhkou/Documents/Automation/OpenCart_Selenium"/>
    <property name="os.arch" value="x86_64"/>
    <property name="java.vm.specification.name" value="Java Virtual Machine Specification"/>
    <property name="java.library.path" value="/Users/dzmitryrazhkou/Library/Java/Extensions:/Library/Java/Extensions:/Network/Library/Java/Extensions:/System/Library/Java/Extensions:/usr/lib/java:."/>
    <property name="java.vm.info" value="mixed mode, sharing"/>
    <property name="java.vendor" value="Homebrew"/>
    <property name="java.vm.version" value="16.0.1+0"/>
    <property name="sun.io.unicode.encoding" value="UnicodeBig"/>
    <property name="socksNonProxyHosts" value="local|*.local|169.254/16|*.169.254/16"/>
    <property name="java.class.version" value="60.0"/>
  </properties>
  <testcase name="validateContactUsTitleTest" classname="com.qa.opencart.test.ContactUsPageTest" time="1.448">
    <system-out><![CDATA[=====> Selenium OPEN_CART (Marionette Firefox) Test has started <===== 
 =====> Selenium Chrome Headless <===== 
 =====> Selenium Chrome Headless <===== 
 =====> Selenium Chrome Headless <===== 
 =====> Selenium Chrome Headless <===== 
=====> validateContactUsTitleTest Test started <===== 
=====> validateLoginPageTitleTest Test started <===== 
=====> validateRegisterTitleTest Test started <===== 
12-02-2022 00:52:45 YourStorePage.java INFO  [TestNG-test=Selenium OPEN_CART (Marionette Firefox)-4] pages.CheckOutPage 136 - User clicks on the my account button. 
12-02-2022 00:52:45 YourStorePage.java INFO  [TestNG-test=Selenium OPEN_CART (Marionette Firefox)-3] pages.CheckOutPage 113 - User clicks on the my account button. 
12-02-2022 00:52:45 YourStorePage.java INFO  [TestNG-test=Selenium OPEN_CART (Marionette Firefox)-2] pages.CheckOutPage 80 - User clicks on teh contact us icon. 
12-02-2022 00:52:46 YourStorePage.java INFO  [TestNG-test=Selenium OPEN_CART (Marionette Firefox)-4] pages.CheckOutPage 138 - User clicks on the login button. 
12-02-2022 00:52:46 YourStorePage.java INFO  [TestNG-test=Selenium OPEN_CART (Marionette Firefox)-3] pages.CheckOutPage 115 - User clicks on the shopping cart button. 
12-02-2022 00:52:47 YourStorePage.java INFO  [TestNG-test=Selenium OPEN_CART (Marionette Firefox)-2] pages.CheckOutPage 82 - User navigates on the contact us page. 
12-02-2022 00:52:47 ContactUsPage.java INFO  [TestNG-test=Selenium OPEN_CART (Marionette Firefox)-2] pages.CheckOutPage 36 - User validates the title page. 
 =====> My Your Page Title Is: Contact Us <===== 
12-02-2022 00:52:47 YourStorePage.java INFO  [TestNG-test=Selenium OPEN_CART (Marionette Firefox)-4] pages.CheckOutPage 140 - User navigates on the login page. 
12-02-2022 00:52:47 LoginPage.java INFO  [TestNG-test=Selenium OPEN_CART (Marionette Firefox)-4] pages.CheckOutPage 35 - User validates the title page. 
 =====> My Your Page Title Is: Account Login <===== 
]]></system-out>
    <system-err><![CDATA[SLF4J: No SLF4J providers were found.
SLF4J: Defaulting to no-operation (NOP) logger implementation
SLF4J: See https://www.slf4j.org/codes.html#noProviders for further details.
ERROR StatusLogger Log4j2 could not find a logging implementation. Please add log4j-core to the classpath. Using SimpleLogger to log to the console...
StSartStairtntagi rnCtgh irCnoghm SeCDrrtioavrmeetriD nr1gi0v6er 106.0h. .5r20Co4.mh95er2.46Do19rm.i e6v(D1er5 ri(1 v151e170r516 1570.53605.5.3555208544.89549.426545149c9 5d(.5536c11e264779baf0dd 382(1521a147d505-355r8e4f41s/97b555r5c3adn53c5e8h-4h4e92a56d54sc7/d75392eb42a96f4@07{d7#dd5936b89a32f}1)0e d2ao2dn46 d3408p7-o27rr19et2bf aa6sf4/d600b1d-7rr
daeOn3fnlsyc8 h2l-1/hocebaa2rldas a4n/cdco502nh-4-nre9hece@fta{si#d/so5b6n/r95sa2 }n)a4cr 9h-heads/5249@{@#{5#659}) on port o4e allon port 14951
On7056
Only llocal con6y local nconnections are9ections are allowed.
Pleas e }al) weodn. 
Plpeoarste  s4s6eeel57 9
eO nlhtyhtps ttps:/lo/ccha://chrroomemderdilriver.chromium.org/sver.oecurity-cchornosmiiduem rw.caooenntrecgi/toisdneo.sc
nuriPltey-cao s fanre aslse islowedeeored sug gehts.ttp
siPo:ln/res/aac stieohnro n osskme eefederp oiing Chvreorm.eDchrriovmeiru m.osrahg/security-consideratiotns fotr spsu:ggest/i/cofhnsr oeom.edriver.chromium.org/sn
 ekere spuggeisncgu rCihtryo-mcoentDsiriidoevnresar  tosiaonfse .fo
r suggestionn sk eoenp iknege pCihnrgo mCehDrroimveerD rsiver safe.
afe.
ChCromeDriver whas rsotmaeDrirvtered wa ss usCtcacresteCdshfhr uslulcyc.e
ssfulrloommeyeDDr.i
vriver was started successfully.
er was started successfully.
]]></system-err>
  </testcase>
  <testcase name="doContactUsTest" classname="com.qa.opencart.test.ContactUsPageTest" time="2.164">
    <system-out><![CDATA[=====> doLoginValidCredentialsTest Test is successful <===== 
 =====> Selenium Chrome Headless <===== 
12-02-2022 00:52:56 ContactUsPage.java INFO  [TestNG-test=Selenium OPEN_CART (Marionette Firefox)-2] pages.CheckOutPage 63 - User receives a success message. 
]]></system-out>
    <system-err><![CDATA[Starting ChromeDriver 106.0.5249.61 (511755355844955cd3e264779baf0dd38212a4d0-refs/branch-heads/5249@{#569}) on port 48740
Only local connections are allowed.
Please see https://chromedriver.chromium.org/security-considerations for suggestions on keeping ChromeDriver safe.
ChromeDriver was started successfully.
]]></system-err>
  </testcase>
  <testcase name="doContactUsInvalidYourNameMinimumValueTest" classname="com.qa.opencart.test.ContactUsPageTest" time="2.705">
    <system-out><![CDATA[=====> doLoginNotExistingCredentialsTest Test is successful <===== 
 =====> Selenium Chrome Headless <===== 
12-02-2022 00:53:05 ContactUsPage.java INFO  [TestNG-test=Selenium OPEN_CART (Marionette Firefox)-2] pages.CheckOutPage 103 - User receives an alert message. 
 =====> Name must be between 3 and 32 characters! <===== 
]]></system-out>
    <system-err><![CDATA[Starting ChromeDriver 106.0.5249.61 (511755355844955cd3e264779baf0dd38212a4d0-refs/branch-heads/5249@{#569}) on port 19747
Only local connections are allowed.
Please see https://chromedriver.chromium.org/security-considerations for suggestions on keeping ChromeDriver safe.
ChromeDriver was started successfully.
]]></system-err>
  </testcase>
  <testcase name="doContactUsInvalidYourNameMaximumValueTest" classname="com.qa.opencart.test.ContactUsPageTest" time="4.713">
    <system-out><![CDATA[=====> doClickOnTheRegisterPage Test is successful <===== 
 =====> Selenium Chrome Headless <===== 
 =====> Selenium Chrome Headless <===== 
12-02-2022 00:53:13 RegisterPage.java INFO  [TestNG-test=Selenium OPEN_CART (Marionette Firefox)-3] pages.CheckOutPage 95 - User types the last name. 
12-02-2022 00:53:14 RegisterPage.java INFO  [TestNG-test=Selenium OPEN_CART (Marionette Firefox)-3] pages.CheckOutPage 99 - User types the email. 
12-02-2022 00:53:14 ContactUsPage.java INFO  [TestNG-test=Selenium OPEN_CART (Marionette Firefox)-2] pages.CheckOutPage 103 - User receives an alert message. 
12-02-2022 00:53:14 RegisterPage.java INFO  [TestNG-test=Selenium OPEN_CART (Marionette Firefox)-3] pages.CheckOutPage 103 - User types the phone number. 
 =====> Name must be between 3 and 32 characters! <===== 
12-02-2022 00:53:14 RegisterPage.java INFO  [TestNG-test=Selenium OPEN_CART (Marionette Firefox)-3] pages.CheckOutPage 107 - User types a password. 
]]></system-out>
    <system-err><![CDATA[Starting ChromeDriver 106.0.5249.61 (511755355844955cd3e264779baf0dd38212a4d0-refs/branch-heads/5249@{#569}) on port 35844
Only local connections are allowed.
Please see https://chromedriver.chromium.org/security-considerations for suggestions on keeping ChromeDriver safe.
ChromeDriver was started successfully.
Starting ChromeDriver 106.0.5249.61 (511755355844955cd3e264779baf0dd38212a4d0-refs/branch-heads/5249@{#569}) on port 1592
Only local connections are allowed.
Please see https://chromedriver.chromium.org/security-considerations for suggestions on keeping ChromeDriver safe.
ChromeDriver was started successfully.
]]></system-err>
  </testcase>
  <testcase name="doContactUsInvalidEmailAddressTest" classname="com.qa.opencart.test.ContactUsPageTest" time="0.014">
    <system-out><![CDATA[=====> doLoginValidEmailWrongPswCredentialsTest Test is successful <===== 
 =====> Selenium Chrome Headless <===== 
12-02-2022 00:53:21 ContactUsPage.java INFO  [TestNG-test=Selenium OPEN_CART (Marionette Firefox)-2] pages.CheckOutPage 81 - User clicks on the submit button. 
12-02-2022 00:53:22 ContactUsPage.java INFO  [TestNG-test=Selenium OPEN_CART (Marionette Firefox)-2] pages.CheckOutPage 103 - User receives an alert message. 
 =====> E-Mail Address does not appear to be valid! <===== 
=====> doRegisterNewCustomerMinimumPhoneNumberValueTest Test started <===== 
]]></system-out>
    <system-err><![CDATA[Starting ChromeDriver 106.0.5249.61 (511755355844955cd3e264779baf0dd38212a4d0-refs/branch-heads/5249@{#569}) on port 22447
Only local connections are allowed.
Please see https://chromedriver.chromium.org/security-considerations for suggestions on keeping ChromeDriver safe.
ChromeDriver was started successfully.
]]></system-err>
  </testcase>
  <testcase name="doContactUsInvalidEnquiryMinimumValueTest" classname="com.qa.opencart.test.ContactUsPageTest" time="1">
    <system-out><![CDATA[=====> doLoginBetweenOneToFourValidPswCredentialsTest Test is successful <===== 
 =====> Selenium Chrome Headless <===== 
12-02-2022 00:53:28 YourStorePage.java INFO  [TestNG-test=Selenium OPEN_CART (Marionette Firefox)-2] pages.CheckOutPage 82 - User navigates on the contact us page. 
12-02-2022 00:53:28 ContactUsPage.java INFO  [TestNG-test=Selenium OPEN_CART (Marionette Firefox)-2] pages.CheckOutPage 69 - User types the full names. 
12-02-2022 00:53:28 RegisterPage.java INFO  [TestNG-test=Selenium OPEN_CART (Marionette Firefox)-3] pages.CheckOutPage 118 - User clicks on the submit button. 
12-02-2022 00:53:28 ContactUsPage.java INFO  [TestNG-test=Selenium OPEN_CART (Marionette Firefox)-2] pages.CheckOutPage 73 - User types an email. 
12-02-2022 00:53:28 ContactUsPage.java INFO  [TestNG-test=Selenium OPEN_CART (Marionette Firefox)-2] pages.CheckOutPage 77 - User types an enquiry. 
12-02-2022 00:53:28 ContactUsPage.java INFO  [TestNG-test=Selenium OPEN_CART (Marionette Firefox)-2] pages.CheckOutPage 81 - User clicks on the submit button. 
=====> doClickOnTheCheckOutPage Test started <===== 
12-02-2022 00:53:29 YourStorePage.java INFO  [TestNG-test=Selenium OPEN_CART (Marionette Firefox)-1] pages.CheckOutPage 129 - User clicks on the my account button. 
12-02-2022 00:53:29 RegisterPage.java INFO  [TestNG-test=Selenium OPEN_CART (Marionette Firefox)-3] pages.CheckOutPage 203 - User receives an alert message. 
12-02-2022 00:53:29 ContactUsPage.java INFO  [TestNG-test=Selenium OPEN_CART (Marionette Firefox)-2] pages.CheckOutPage 103 - User receives an alert message. 
 =====> Enquiry must be between 10 and 3000 characters! <===== 
]]></system-out>
    <system-err><![CDATA[Starting ChromeDriver 106.0.5249.61 (511755355844955cd3e264779baf0dd38212a4d0-refs/branch-heads/5249@{#569}) on port 37031
Only local connections are allowed.
Please see https://chromedriver.chromium.org/security-considerations for suggestions on keeping ChromeDriver safe.
ChromeDriver was started successfully.
]]></system-err>
  </testcase>
  <testcase name="doContactUsInvalidEnquiryMaximumValueTest" classname="com.qa.opencart.test.ContactUsPageTest" time="0.011">
    <system-out><![CDATA[=====> doRegisterNewCustomerMaximumPhoneNumberValueTest Test is successful <===== 
 =====> Selenium Chrome Headless <===== 
12-02-2022 00:53:44 ContactUsPage.java INFO  [TestNG-test=Selenium OPEN_CART (Marionette Firefox)-2] pages.CheckOutPage 103 - User receives an alert message. 
 =====> Enquiry must be between 10 and 3000 characters! <===== 
=====> adsQuantityTest Test started <===== 
]]></system-out>
    <system-err><![CDATA[Starting ChromeDriver 106.0.5249.61 (511755355844955cd3e264779baf0dd38212a4d0-refs/branch-heads/5249@{#569}) on port 42094
Only local connections are allowed.
Please see https://chromedriver.chromium.org/security-considerations for suggestions on keeping ChromeDriver safe.
ChromeDriver was started successfully.
]]></system-err>
  </testcase>
  <testcase name="validateLoginPageTitleTest" classname="com.qa.opencart.test.LoginPageTest" time="1.449"/>
  <testcase name="doLoginValidCredentialsTest" classname="com.qa.opencart.test.LoginPageTest" time="1.454">
    <system-out><![CDATA[=====> validateYourPageTitleTest Test is successful <===== 
 =====> Selenium Chrome Headless <===== 
12-02-2022 00:52:52 YourStorePage.java INFO  [TestNG-test=Selenium OPEN_CART (Marionette Firefox)-2] pages.CheckOutPage 80 - User clicks on teh contact us icon. 
12-02-2022 00:52:52 YourStorePage.java INFO  [TestNG-test=Selenium OPEN_CART (Marionette Firefox)-4] pages.CheckOutPage 138 - User clicks on the login button. 
12-02-2022 00:52:53 YourStorePage.java INFO  [TestNG-test=Selenium OPEN_CART (Marionette Firefox)-4] pages.CheckOutPage 140 - User navigates on the login page. 
12-02-2022 00:52:53 LoginPage.java INFO  [TestNG-test=Selenium OPEN_CART (Marionette Firefox)-4] pages.CheckOutPage 57 - User types an email. 
12-02-2022 00:52:53 LoginPage.java INFO  [TestNG-test=Selenium OPEN_CART (Marionette Firefox)-4] pages.CheckOutPage 61 - User types a password. 
12-02-2022 00:52:53 YourStorePage.java INFO  [TestNG-test=Selenium OPEN_CART (Marionette Firefox)-2] pages.CheckOutPage 82 - User navigates on the contact us page. 
12-02-2022 00:52:53 ContactUsPage.java INFO  [TestNG-test=Selenium OPEN_CART (Marionette Firefox)-2] pages.CheckOutPage 69 - User types the full names. 
12-02-2022 00:52:54 LoginPage.java INFO  [TestNG-test=Selenium OPEN_CART (Marionette Firefox)-4] pages.CheckOutPage 65 - User clicks on the submit button. 
12-02-2022 00:52:54 ContactUsPage.java INFO  [TestNG-test=Selenium OPEN_CART (Marionette Firefox)-2] pages.CheckOutPage 73 - User types an email. 
12-02-2022 00:52:54 ContactUsPage.java INFO  [TestNG-test=Selenium OPEN_CART (Marionette Firefox)-2] pages.CheckOutPage 77 - User types an enquiry. 
=====> doRegisterNewCustomerTest Test started <===== 
12-02-2022 00:52:54 YourStorePage.java INFO  [TestNG-test=Selenium OPEN_CART (Marionette Firefox)-3] pages.CheckOutPage 113 - User clicks on the my account button. 
12-02-2022 00:52:54 ContactUsPage.java INFO  [TestNG-test=Selenium OPEN_CART (Marionette Firefox)-2] pages.CheckOutPage 81 - User clicks on the submit button. 
12-02-2022 00:52:54 YourStorePage.java INFO  [TestNG-test=Selenium OPEN_CART (Marionette Firefox)-3] pages.CheckOutPage 115 - User clicks on the shopping cart button. 
12-02-2022 00:52:55 MyAccountPage.java INFO  [TestNG-test=Selenium OPEN_CART (Marionette Firefox)-4] pages.CheckOutPage 25 -  =====> My Account Link has been displayed <===== 
 =====> My Account <===== 
]]></system-out>
    <system-err><![CDATA[Starting ChromeDriver 106.0.5249.61 (511755355844955cd3e264779baf0dd38212a4d0-refs/branch-heads/5249@{#569}) on port 30133
Only local connections are allowed.
Please see https://chromedriver.chromium.org/security-considerations for suggestions on keeping ChromeDriver safe.
ChromeDriver was started successfully.
]]></system-err>
  </testcase>
  <testcase name="doLoginNotExistingCredentialsTest" classname="com.qa.opencart.test.LoginPageTest" time="1.776">
    <system-out><![CDATA[=====> doClickOnTheContactUsIconTest Test is successful <===== 
 =====> Selenium Chrome Headless <===== 
12-02-2022 00:53:04 LoginPage.java INFO  [TestNG-test=Selenium OPEN_CART (Marionette Firefox)-4] pages.CheckOutPage 88 - User receives an alert message. 
 =====> Warning: No match for E-Mail Address and/or Password. <===== 
]]></system-out>
    <system-err><![CDATA[Starting ChromeDriver 106.0.5249.61 (511755355844955cd3e264779baf0dd38212a4d0-refs/branch-heads/5249@{#569}) on port 1991
Only local connections are allowed.
Please see https://chromedriver.chromium.org/security-considerations for suggestions on keeping ChromeDriver safe.
ChromeDriver was started successfully.
]]></system-err>
  </testcase>
  <testcase name="doLoginWrongEmailValidPswCredentialsTest" classname="com.qa.opencart.test.LoginPageTest" time="3.44">
    <system-out><![CDATA[=====> doContactUsInvalidYourNameMinimumValueTest Test is successful <===== 
 =====> Selenium Chrome Headless <===== 
=====> doClickOnTheRegisterPage Test started <===== 
12-02-2022 00:53:08 YourStorePage.java INFO  [TestNG-test=Selenium OPEN_CART (Marionette Firefox)-1] pages.CheckOutPage 113 - User clicks on the my account button. 
=====> doRegisterExistingCustomerTest Test started <===== 
12-02-2022 00:53:08 YourStorePage.java INFO  [TestNG-test=Selenium OPEN_CART (Marionette Firefox)-3] pages.CheckOutPage 113 - User clicks on the my account button. 
12-02-2022 00:53:09 YourStorePage.java INFO  [TestNG-test=Selenium OPEN_CART (Marionette Firefox)-1] pages.CheckOutPage 115 - User clicks on the shopping cart button. 
12-02-2022 00:53:09 YourStorePage.java INFO  [TestNG-test=Selenium OPEN_CART (Marionette Firefox)-3] pages.CheckOutPage 115 - User clicks on the shopping cart button. 
=====> doLoginWrongEmailValidPswCredentialsTest Test started <===== 
12-02-2022 00:53:09 YourStorePage.java INFO  [TestNG-test=Selenium OPEN_CART (Marionette Firefox)-4] pages.CheckOutPage 136 - User clicks on the my account button. 
=====> doContactUsInvalidYourNameMaximumValueTest Test started <===== 
12-02-2022 00:53:10 YourStorePage.java INFO  [TestNG-test=Selenium OPEN_CART (Marionette Firefox)-4] pages.CheckOutPage 138 - User clicks on the login button. 
12-02-2022 00:53:10 YourStorePage.java INFO  [TestNG-test=Selenium OPEN_CART (Marionette Firefox)-2] pages.CheckOutPage 80 - User clicks on teh contact us icon. 
12-02-2022 00:53:10 YourStorePage.java INFO  [TestNG-test=Selenium OPEN_CART (Marionette Firefox)-4] pages.CheckOutPage 140 - User navigates on the login page. 
12-02-2022 00:53:10 LoginPage.java INFO  [TestNG-test=Selenium OPEN_CART (Marionette Firefox)-4] pages.CheckOutPage 70 - User types an invalid email. 
12-02-2022 00:53:11 YourStorePage.java INFO  [TestNG-test=Selenium OPEN_CART (Marionette Firefox)-2] pages.CheckOutPage 82 - User navigates on the contact us page. 
12-02-2022 00:53:11 ContactUsPage.java INFO  [TestNG-test=Selenium OPEN_CART (Marionette Firefox)-2] pages.CheckOutPage 69 - User types the full names. 
12-02-2022 00:53:11 LoginPage.java INFO  [TestNG-test=Selenium OPEN_CART (Marionette Firefox)-4] pages.CheckOutPage 74 - User types a invalid password. 
12-02-2022 00:53:11 ContactUsPage.java INFO  [TestNG-test=Selenium OPEN_CART (Marionette Firefox)-2] pages.CheckOutPage 73 - User types an email. 
12-02-2022 00:53:11 LoginPage.java INFO  [TestNG-test=Selenium OPEN_CART (Marionette Firefox)-4] pages.CheckOutPage 78 - User clicks on the submit button. 
12-02-2022 00:53:12 ContactUsPage.java INFO  [TestNG-test=Selenium OPEN_CART (Marionette Firefox)-2] pages.CheckOutPage 77 - User types an enquiry. 
12-02-2022 00:53:13 ContactUsPage.java INFO  [TestNG-test=Selenium OPEN_CART (Marionette Firefox)-2] pages.CheckOutPage 81 - User clicks on the submit button. 
12-02-2022 00:53:13 YourStorePage.java INFO  [TestNG-test=Selenium OPEN_CART (Marionette Firefox)-3] pages.CheckOutPage 117 - User navigates on the register page. 
12-02-2022 00:53:13 RegisterPage.java INFO  [TestNG-test=Selenium OPEN_CART (Marionette Firefox)-3] pages.CheckOutPage 91 - User types the first name. 
12-02-2022 00:53:13 YourStorePage.java INFO  [TestNG-test=Selenium OPEN_CART (Marionette Firefox)-1] pages.CheckOutPage 117 - User navigates on the register page. 
12-02-2022 00:53:13 RegisterPage.java INFO  [TestNG-test=Selenium OPEN_CART (Marionette Firefox)-1] pages.CheckOutPage 21 -  =====> Register New Customer Link has been displayed <===== 
12-02-2022 00:53:13 LoginPage.java INFO  [TestNG-test=Selenium OPEN_CART (Marionette Firefox)-4] pages.CheckOutPage 88 - User receives an alert message. 
 =====> Warning: No match for E-Mail Address and/or Password. <===== 
]]></system-out>
    <system-err><![CDATA[Starting ChromeDriver 106.0.5249.61 (511755355844955cd3e264779baf0dd38212a4d0-refs/branch-heads/5249@{#569}) on port 16563
Only local connections are allowed.
Please see https://chromedriver.chromium.org/security-considerations for suggestions on keeping ChromeDriver safe.
ChromeDriver was started successfully.
]]></system-err>
  </testcase>
  <testcase name="doLoginValidEmailWrongPswCredentialsTest" classname="com.qa.opencart.test.LoginPageTest" time="1.721">
    <system-out><![CDATA[=====> doClickOnTheLoginPage Test is successful <===== 
 =====> Selenium Chrome Headless <===== 
12-02-2022 00:53:20 YourStorePage.java INFO  [TestNG-test=Selenium OPEN_CART (Marionette Firefox)-2] pages.CheckOutPage 82 - User navigates on the contact us page. 
12-02-2022 00:53:20 ContactUsPage.java INFO  [TestNG-test=Selenium OPEN_CART (Marionette Firefox)-2] pages.CheckOutPage 69 - User types the full names. 
12-02-2022 00:53:20 LoginPage.java INFO  [TestNG-test=Selenium OPEN_CART (Marionette Firefox)-4] pages.CheckOutPage 88 - User receives an alert message. 
12-02-2022 00:53:20 ContactUsPage.java INFO  [TestNG-test=Selenium OPEN_CART (Marionette Firefox)-2] pages.CheckOutPage 73 - User types an email. 
12-02-2022 00:53:20 ContactUsPage.java INFO  [TestNG-test=Selenium OPEN_CART (Marionette Firefox)-2] pages.CheckOutPage 77 - User types an enquiry. 
 =====> Warning: No match for E-Mail Address and/or Password. <===== 
]]></system-out>
    <system-err><![CDATA[Starting ChromeDriver 106.0.5249.61 (511755355844955cd3e264779baf0dd38212a4d0-refs/branch-heads/5249@{#569}) on port 20098
Only local connections are allowed.
Please see https://chromedriver.chromium.org/security-considerations for suggestions on keeping ChromeDriver safe.
ChromeDriver was started successfully.
]]></system-err>
  </testcase>
  <testcase name="doLoginBetweenOneToFourValidPswCredentialsTest" classname="com.qa.opencart.test.LoginPageTest" time="0.623">
    <system-out><![CDATA[=====> doClickOnTheShoppingCartPage Test is successful <===== 
 =====> Selenium Chrome Headless <===== 
=====> doLoginBetweenOneToFourValidPswCredentialsTest Test started <===== 
12-02-2022 00:53:25 YourStorePage.java INFO  [TestNG-test=Selenium OPEN_CART (Marionette Firefox)-4] pages.CheckOutPage 136 - User clicks on the my account button. 
12-02-2022 00:53:25 YourStorePage.java INFO  [TestNG-test=Selenium OPEN_CART (Marionette Firefox)-4] pages.CheckOutPage 138 - User clicks on the login button. 
12-02-2022 00:53:26 YourStorePage.java INFO  [TestNG-test=Selenium OPEN_CART (Marionette Firefox)-3] pages.CheckOutPage 117 - User navigates on the register page. 
Ae
12-02-2022 00:53:26 RegisterPage.java INFO  [TestNG-test=Selenium OPEN_CART (Marionette Firefox)-3] pages.CheckOutPage 91 - User types the first name. 
12-02-2022 00:53:26 YourStorePage.java INFO  [TestNG-test=Selenium OPEN_CART (Marionette Firefox)-4] pages.CheckOutPage 140 - User navigates on the login page. 
12-02-2022 00:53:26 LoginPage.java INFO  [TestNG-test=Selenium OPEN_CART (Marionette Firefox)-4] pages.CheckOutPage 70 - User types an invalid email. 
12-02-2022 00:53:26 LoginPage.java INFO  [TestNG-test=Selenium OPEN_CART (Marionette Firefox)-4] pages.CheckOutPage 74 - User types a invalid password. 
12-02-2022 00:53:26 RegisterPage.java INFO  [TestNG-test=Selenium OPEN_CART (Marionette Firefox)-3] pages.CheckOutPage 95 - User types the last name. 
12-02-2022 00:53:26 LoginPage.java INFO  [TestNG-test=Selenium OPEN_CART (Marionette Firefox)-4] pages.CheckOutPage 78 - User clicks on the submit button. 
12-02-2022 00:53:26 RegisterPage.java INFO  [TestNG-test=Selenium OPEN_CART (Marionette Firefox)-3] pages.CheckOutPage 99 - User types the email. 
=====> doContactUsInvalidEnquiryMinimumValueTest Test started <===== 
12-02-2022 00:53:26 YourStorePage.java INFO  [TestNG-test=Selenium OPEN_CART (Marionette Firefox)-2] pages.CheckOutPage 80 - User clicks on teh contact us icon. 
12-02-2022 00:53:27 RegisterPage.java INFO  [TestNG-test=Selenium OPEN_CART (Marionette Firefox)-3] pages.CheckOutPage 103 - User types the phone number. 
12-02-2022 00:53:27 RegisterPage.java INFO  [TestNG-test=Selenium OPEN_CART (Marionette Firefox)-3] pages.CheckOutPage 107 - User types a password. 
12-02-2022 00:53:27 RegisterPage.java INFO  [TestNG-test=Selenium OPEN_CART (Marionette Firefox)-3] pages.CheckOutPage 111 - User types a confirm password. 
12-02-2022 00:53:27 RegisterPage.java INFO  [TestNG-test=Selenium OPEN_CART (Marionette Firefox)-3] pages.CheckOutPage 115 - User checks agreement checkbox. 
12-02-2022 00:53:27 LoginPage.java INFO  [TestNG-test=Selenium OPEN_CART (Marionette Firefox)-4] pages.CheckOutPage 88 - User receives an alert message. 
 =====> Warning: No match for E-Mail Address and/or Password. <===== 
]]></system-out>
    <system-err><![CDATA[Starting ChromeDriver 106.0.5249.61 (511755355844955cd3e264779baf0dd38212a4d0-refs/branch-heads/5249@{#569}) on port 47115
Only local connections are allowed.
Please see https://chromedriver.chromium.org/security-considerations for suggestions on keeping ChromeDriver safe.
ChromeDriver was started successfully.
]]></system-err>
  </testcase>
  <testcase name="doLoginValidEmailJustNumbersPswCredentialsTest" classname="com.qa.opencart.test.LoginPageTest" time="0.104">
    <system-out><![CDATA[=====> doRegisterNewCustomerMinimumPhoneNumberValueTest Test is successful <===== 
 =====> Selenium Chrome Headless <===== 
=====> doLoginValidEmailJustNumbersPswCredentialsTest Test started <===== 
12-02-2022 00:53:31 YourStorePage.java INFO  [TestNG-test=Selenium OPEN_CART (Marionette Firefox)-4] pages.CheckOutPage 136 - User clicks on the my account button. 
12-02-2022 00:53:32 YourStorePage.java INFO  [TestNG-test=Selenium OPEN_CART (Marionette Firefox)-4] pages.CheckOutPage 138 - User clicks on the login button. 
12-02-2022 00:53:32 YourStorePage.java INFO  [TestNG-test=Selenium OPEN_CART (Marionette Firefox)-4] pages.CheckOutPage 140 - User navigates on the login page. 
12-02-2022 00:53:32 LoginPage.java INFO  [TestNG-test=Selenium OPEN_CART (Marionette Firefox)-4] pages.CheckOutPage 70 - User types an invalid email. 
12-02-2022 00:53:33 LoginPage.java INFO  [TestNG-test=Selenium OPEN_CART (Marionette Firefox)-4] pages.CheckOutPage 74 - User types a invalid password. 
12-02-2022 00:53:33 LoginPage.java INFO  [TestNG-test=Selenium OPEN_CART (Marionette Firefox)-4] pages.CheckOutPage 78 - User clicks on the submit button. 
=====> doContactUsInvalidEnquiryMaximumValueTest Test started <===== 
12-02-2022 00:53:34 YourStorePage.java INFO  [TestNG-test=Selenium OPEN_CART (Marionette Firefox)-2] pages.CheckOutPage 80 - User clicks on teh contact us icon. 
12-02-2022 00:53:34 LoginPage.java INFO  [TestNG-test=Selenium OPEN_CART (Marionette Firefox)-4] pages.CheckOutPage 88 - User receives an alert message. 
=====> validateNavigationBarsTest Test started <===== 
 =====> Warning: No match for E-Mail Address and/or Password. <===== 
=====> doRegisterNewCustomerMaximumPhoneNumberValueTest Test started <===== 
12-02-2022 00:53:34 YourStorePage.java INFO  [TestNG-test=Selenium OPEN_CART (Marionette Firefox)-3] pages.CheckOutPage 113 - User clicks on the my account button. 
]]></system-out>
    <system-err><![CDATA[ChromeDriver was started successfully.
Starting ChromeDriver 106.0.5249.61 (511755355844955cd3e264779baf0dd38212a4d0-refs/branch-heads/5249@{#569}) on port 7409
Only local connections are allowed.
Please see https://chromedriver.chromium.org/security-considerations for suggestions on keeping ChromeDriver safe.
ChromeDriver was started successfully.
]]></system-err>
  </testcase>
  <testcase name="doLoginBetweenOneToFourEmailJustNumbersPswCredentialsTest" classname="com.qa.opencart.test.LoginPageTest" time="2.499">
    <system-out><![CDATA[=====> featuredTest Test is successful <===== 
12-02-2022 00:53:40 YourStorePage.java INFO  [TestNG-test=Selenium OPEN_CART (Marionette Firefox)-4] pages.CheckOutPage 138 - User clicks on the login button. 
12-02-2022 00:53:40 RegisterPage.java INFO  [TestNG-test=Selenium OPEN_CART (Marionette Firefox)-3] pages.CheckOutPage 103 - User types the phone number. 
 =====> Selenium Chrome Headless <===== 
12-02-2022 00:53:40 RegisterPage.java INFO  [TestNG-test=Selenium OPEN_CART (Marionette Firefox)-3] pages.CheckOutPage 107 - User types a password. 
12-02-2022 00:53:40 YourStorePage.java INFO  [TestNG-test=Selenium OPEN_CART (Marionette Firefox)-4] pages.CheckOutPage 140 - User navigates on the login page. 
12-02-2022 00:53:40 LoginPage.java INFO  [TestNG-test=Selenium OPEN_CART (Marionette Firefox)-4] pages.CheckOutPage 70 - User types an invalid email. 
12-02-2022 00:53:40 RegisterPage.java INFO  [TestNG-test=Selenium OPEN_CART (Marionette Firefox)-3] pages.CheckOutPage 111 - User types a confirm password. 
12-02-2022 00:53:41 LoginPage.java INFO  [TestNG-test=Selenium OPEN_CART (Marionette Firefox)-4] pages.CheckOutPage 74 - User types a invalid password. 
12-02-2022 00:53:41 LoginPage.java INFO  [TestNG-test=Selenium OPEN_CART (Marionette Firefox)-4] pages.CheckOutPage 78 - User clicks on the submit button. 
12-02-2022 00:53:41 RegisterPage.java INFO  [TestNG-test=Selenium OPEN_CART (Marionette Firefox)-3] pages.CheckOutPage 115 - User checks agreement checkbox. 
12-02-2022 00:53:41 LoginPage.java INFO  [TestNG-test=Selenium OPEN_CART (Marionette Firefox)-4] pages.CheckOutPage 88 - User receives an alert message. 
 =====> Warning: Your account has exceeded allowed number of login attempts. Please try again in 1 hour. <===== 
12-02-2022 00:53:42 RegisterPage.java INFO  [TestNG-test=Selenium OPEN_CART (Marionette Firefox)-3] pages.CheckOutPage 118 - User clicks on the submit button. 
]]></system-out>
    <system-err><![CDATA[Starting ChromeDriver 106.0.5249.61 (511755355844955cd3e264779baf0dd38212a4d0-refs/branch-heads/5249@{#569}) on port 34643
Only local connections are allowed.
Please see https://chromedriver.chromium.org/security-considerations for suggestions on keeping ChromeDriver safe.
ChromeDriver was started successfully.
]]></system-err>
  </testcase>
  <testcase name="doLoginInvalidCredentialsTest" classname="com.qa.opencart.test.LoginPageTest" time="0.852">
    <system-out><![CDATA[=====> adsTest Test is successful <===== 
12-02-2022 00:53:49 LoginPage.java INFO  [TestNG-test=Selenium OPEN_CART (Marionette Firefox)-4] pages.CheckOutPage 88 - User receives an alert message. 
 =====> Warning: No match for E-Mail Address and/or Password. <===== 
]]></system-out>
  </testcase>
  <testcase name="doLogOutTest" classname="com.qa.opencart.test.LoginPageTest" time="4.184">
    <system-out><![CDATA[=====> doRegisterNewCustomerMinimumPasswordValueTest Test is successful <===== 
 =====> Selenium Chrome Headless <===== 
12-02-2022 00:53:57 MyAccountPage.java INFO  [TestNG-test=Selenium OPEN_CART (Marionette Firefox)-4] pages.CheckOutPage 47 - User clicks on the my account button. 
12-02-2022 00:53:57 MyAccountPage.java INFO  [TestNG-test=Selenium OPEN_CART (Marionette Firefox)-4] pages.CheckOutPage 49 - User clicks on the log out button. 
12-02-2022 00:53:58 MyAccountPage.java INFO  [TestNG-test=Selenium OPEN_CART (Marionette Firefox)-4] pages.CheckOutPage 61 -  =====> Account Log Out Link has been displayed <===== 
 =====> Account Logout <===== 
]]></system-out>
    <system-err><![CDATA[Starting ChromeDriver 106.0.5249.61 (511755355844955cd3e264779baf0dd38212a4d0-refs/branch-heads/5249@{#569}) on port 31465
Only local connections are allowed.
Please see https://chromedriver.chromium.org/security-considerations for suggestions on keeping ChromeDriver safe.
ChromeDriver was started successfully.
]]></system-err>
  </testcase>
  <testcase name="validateYourPageLogoTest" classname="com.qa.opencart.test.YourStorePageTest" time="0.261">
    <system-out><![CDATA[=====> validateContactUsTitleTest Test is successful <===== 
=====> validateLoginPageTitleTest Test is successful <===== 
 =====> Selenium Chrome Headless <===== 
 =====> Selenium Chrome Headless <===== 
=====> validateYourPageLogoTest Test started <===== 
12-02-2022 00:52:47 YourStorePage.java INFO  [TestNG-test=Selenium OPEN_CART (Marionette Firefox)-1] pages.CheckOutPage 27 -  =====> Naveen Automation Labs Logo has been displayed <===== 
]]></system-out>
    <system-err><![CDATA[Starting CShrtaormteiDnrgi vCehrr 1o0m6e.0.D52r4i9v.e6r1  1(05611.705.553254598.46419 5(55c1d137e525634575789b4a4f905d5dc3d8212a43de02-r6e4f7s7/9bbraafn0cdhd-3h8e2a1d2sa/45d20-refs/branch-heads/5249@{#569}) on port 20480
Only local connecti49o@{#569}) on port 1ns ar6e 4a36
Only locall lcoonwneections are allowded..

PPlleeaassee  sseeee  hhttttppss::////cchhrromoemderdirvievre.rc.hcrhomrioummi.uomr.go/rsge/curity-considerations for suggestiosnesc uorni tkye-ecpoinnsgi dCehrraotmieoDnrsi vfeorr  ssaugfgee.s
tions on keeping ChromeDriver safe.
ChromeDriver wCas hsrtoamretDed surcicveesrs fwualsl ys.t
arted successfully.
]]></system-err>
  </testcase>
  <testcase name="validateYourPageTitleTest" classname="com.qa.opencart.test.YourStorePageTest" time="0.031">
    <system-out><![CDATA[=====> validateRegisterTitleTest Test is successful <===== 
 =====> Selenium Chrome Headless <===== 
=====> doContactUsTest Test started <===== 
=====> doLoginValidCredentialsTest Test started <===== 
12-02-2022 00:52:52 YourStorePage.java INFO  [TestNG-test=Selenium OPEN_CART (Marionette Firefox)-4] pages.CheckOutPage 136 - User clicks on the my account button. 
=====> validateYourPageTitleTest Test started <===== 
12-02-2022 00:52:52 YourStorePage.java INFO  [TestNG-test=Selenium OPEN_CART (Marionette Firefox)-1] pages.CheckOutPage 37 - User validates the title page. 
 =====> My Your Page Title Is: Your Store <===== 
]]></system-out>
    <system-err><![CDATA[Starting ChromeDriver 106.0.5249.61 (511755355844955cd3e264779baf0dd38212a4d0-refs/branch-heads/5249@{#569}) on port 25165
Only local connections are allowed.
Please see https://chromedriver.chromium.org/security-considerations for suggestions on keeping ChromeDriver safe.
ChromeDriver was started successfully.
]]></system-err>
  </testcase>
  <testcase name="getCurrencyTest" classname="com.qa.opencart.test.YourStorePageTest" time="1.629">
    <system-out><![CDATA[=====> doContactUsTest Test is successful <===== 
 =====> Selenium Chrome Headless <===== 
=====> getCurrencyTest Test started <===== 
12-02-2022 00:52:57 YourStorePage.java INFO  [TestNG-test=Selenium OPEN_CART (Marionette Firefox)-1] pages.CheckOutPage 53 - User clicks on the currency button. 
12-02-2022 00:52:57 YourStorePage.java INFO  [TestNG-test=Selenium OPEN_CART (Marionette Firefox)-1] pages.CheckOutPage 59 - User selects a currency from drop down menu. 
12-02-2022 00:52:57 YourStorePage.java INFO  [TestNG-test=Selenium OPEN_CART (Marionette Firefox)-3] pages.CheckOutPage 117 - User navigates on the register page. 
12-02-2022 00:52:57 RegisterPage.java INFO  [TestNG-test=Selenium OPEN_CART (Marionette Firefox)-3] pages.CheckOutPage 91 - User types the first name. 
]]></system-out>
    <system-err><![CDATA[Starting ChromeDriver 106.0.5249.61 (511755355844955cd3e264779baf0dd38212a4d0-refs/branch-heads/5249@{#569}) on port 1234
Only local connections are allowed.
Please see https://chromedriver.chromium.org/security-considerations for suggestions on keeping ChromeDriver safe.
ChromeDriver was started successfully.
]]></system-err>
  </testcase>
  <testcase name="doClickOnTheContactUsIconTest" classname="com.qa.opencart.test.YourStorePageTest" time="1.284">
    <system-out><![CDATA[=====> doRegisterNewCustomerTest Test is successful <===== 
12-02-2022 00:53:03 ContactUsPage.java INFO  [TestNG-test=Selenium OPEN_CART (Marionette Firefox)-2] pages.CheckOutPage 77 - User types an enquiry. 
 =====> Selenium Chrome Headless <===== 
12-02-2022 00:53:03 YourStorePage.java INFO  [TestNG-test=Selenium OPEN_CART (Marionette Firefox)-1] pages.CheckOutPage 82 - User navigates on the contact us page. 
12-02-2022 00:53:03 ContactUsPage.java INFO  [TestNG-test=Selenium OPEN_CART (Marionette Firefox)-1] pages.CheckOutPage 25 -  =====> Contact Us Link has been displayed <===== 
 =====> Contact Us <===== 
12-02-2022 00:53:04 ContactUsPage.java INFO  [TestNG-test=Selenium OPEN_CART (Marionette Firefox)-2] pages.CheckOutPage 81 - User clicks on the submit button. 
]]></system-out>
    <system-err><![CDATA[Starting ChromeDriver 106.0.5249.61 (511755355844955cd3e264779baf0dd38212a4d0-refs/branch-heads/5249@{#569}) on port 43683
Only local connections are allowed.
Please see https://chromedriver.chromium.org/security-considerations for suggestions on keeping ChromeDriver safe.
ChromeDriver was started successfully.
]]></system-err>
  </testcase>
  <testcase name="doClickOnTheRegisterPage" classname="com.qa.opencart.test.YourStorePageTest" time="3.513">
    <system-out><![CDATA[=====> doLoginWrongEmailValidPswCredentialsTest Test is successful <===== 
 =====> Register <===== 
]]></system-out>
  </testcase>
  <testcase name="doClickOnTheLoginPage" classname="com.qa.opencart.test.YourStorePageTest" time="0.134">
    <system-out><![CDATA[=====> doRegisterExistingCustomerTest Test is successful <===== 
 =====> Selenium Chrome Headless <===== 
=====> doLoginValidEmailWrongPswCredentialsTest Test started <===== 
12-02-2022 00:53:18 YourStorePage.java INFO  [TestNG-test=Selenium OPEN_CART (Marionette Firefox)-4] pages.CheckOutPage 136 - User clicks on the my account button. 
=====> doClickOnTheLoginPage Test started <===== 
12-02-2022 00:53:18 YourStorePage.java INFO  [TestNG-test=Selenium OPEN_CART (Marionette Firefox)-1] pages.CheckOutPage 136 - User clicks on the my account button. 
12-02-2022 00:53:18 YourStorePage.java INFO  [TestNG-test=Selenium OPEN_CART (Marionette Firefox)-4] pages.CheckOutPage 138 - User clicks on the login button. 
12-02-2022 00:53:18 YourStorePage.java INFO  [TestNG-test=Selenium OPEN_CART (Marionette Firefox)-1] pages.CheckOutPage 138 - User clicks on the login button. 
12-02-2022 00:53:19 YourStorePage.java INFO  [TestNG-test=Selenium OPEN_CART (Marionette Firefox)-4] pages.CheckOutPage 140 - User navigates on the login page. 
12-02-2022 00:53:19 LoginPage.java INFO  [TestNG-test=Selenium OPEN_CART (Marionette Firefox)-4] pages.CheckOutPage 70 - User types an invalid email. 
12-02-2022 00:53:19 LoginPage.java INFO  [TestNG-test=Selenium OPEN_CART (Marionette Firefox)-4] pages.CheckOutPage 74 - User types a invalid password. 
=====> doContactUsInvalidEmailAddressTest Test started <===== 
12-02-2022 00:53:19 YourStorePage.java INFO  [TestNG-test=Selenium OPEN_CART (Marionette Firefox)-1] pages.CheckOutPage 140 - User navigates on the login page. 
12-02-2022 00:53:19 LoginPage.java INFO  [TestNG-test=Selenium OPEN_CART (Marionette Firefox)-1] pages.CheckOutPage 24 -  =====> Login Link has been displayed <===== 
12-02-2022 00:53:19 YourStorePage.java INFO  [TestNG-test=Selenium OPEN_CART (Marionette Firefox)-2] pages.CheckOutPage 80 - User clicks on teh contact us icon. 
 =====> Login <===== 
12-02-2022 00:53:19 LoginPage.java INFO  [TestNG-test=Selenium OPEN_CART (Marionette Firefox)-4] pages.CheckOutPage 78 - User clicks on the submit button. 
]]></system-out>
    <system-err><![CDATA[Starting ChromeDriver 106.0.5249.61 (511755355844955cd3e264779baf0dd38212a4d0-refs/branch-heads/5249@{#569}) on port 31992
Only local connections are allowed.
Please see https://chromedriver.chromium.org/security-considerations for suggestions on keeping ChromeDriver safe.
ChromeDriver was started successfully.
]]></system-err>
  </testcase>
  <testcase name="doClickOnTheShoppingCartPage" classname="com.qa.opencart.test.YourStorePageTest" time="0.917">
    <system-out><![CDATA[=====> doContactUsInvalidEmailAddressTest Test is successful <===== 
12-02-2022 00:53:22 YourStorePage.java INFO  [TestNG-test=Selenium OPEN_CART (Marionette Firefox)-3] pages.CheckOutPage 113 - User clicks on the my account button. 
 =====> Selenium Chrome Headless <===== 
12-02-2022 00:53:23 YourStorePage.java INFO  [TestNG-test=Selenium OPEN_CART (Marionette Firefox)-3] pages.CheckOutPage 115 - User clicks on the shopping cart button. 
=====> doClickOnTheShoppingCartPage Test started <===== 
12-02-2022 00:53:23 YourStorePage.java INFO  [TestNG-test=Selenium OPEN_CART (Marionette Firefox)-1] pages.CheckOutPage 145 - User clicks on the my account button. 
12-02-2022 00:53:24 YourStorePage.java INFO  [TestNG-test=Selenium OPEN_CART (Marionette Firefox)-1] pages.CheckOutPage 147 - User navigates on the login page. 
12-02-2022 00:53:24 ShoppingCartPage.java INFO  [TestNG-test=Selenium OPEN_CART (Marionette Firefox)-1] pages.CheckOutPage 21 -  =====> Shopping Cart Link has been displayed <===== 
 =====> Shopping Cart <===== 
]]></system-out>
    <system-err><![CDATA[Starting ChromeDriver 106.0.5249.61 (511755355844955cd3e264779baf0dd38212a4d0-refs/branch-heads/5249@{#569}) on port 21951
Only local connections are allowed.
Please see https://chromedriver.chromium.org/security-considerations for suggestions on keeping ChromeDriver safe.
ChromeDriver was started successfully.
]]></system-err>
  </testcase>
  <testcase name="doClickOnTheCheckOutPage" classname="com.qa.opencart.test.YourStorePageTest" time="1.498">
    <system-out><![CDATA[=====> doContactUsInvalidEnquiryMinimumValueTest Test is successful <===== 
 =====> Selenium Chrome Headless <===== 
12-02-2022 00:53:30 YourStorePage.java INFO  [TestNG-test=Selenium OPEN_CART (Marionette Firefox)-1] pages.CheckOutPage 131 - User navigates on the check out page. 
12-02-2022 00:53:30 CheckOutPage.java INFO  [TestNG-test=Selenium OPEN_CART (Marionette Firefox)-1] pages.CheckOutPage 24 -  =====> Check Out Link has been displayed <===== 
 =====> Shopping Cart <===== 
]]></system-out>
    <system-err><![CDATA[Starting ChromeDriver 106.0.5249.61 (511755355844955cd3e264779baf0dd38212a4d0-refs/branch-heads/5249@{#569}) on port 43034
Only local connections are allowed.
Please see https://chromedriver.chromium.org/security-considerations for suggestions on keeping ChromeDriver safe.
ChromeDriver was started successfully.
]]></system-err>
  </testcase>
  <testcase name="validateNavigationBarsTest" classname="com.qa.opencart.test.YourStorePageTest" time="0.307">
    <system-out><![CDATA[=====> doLoginValidEmailJustNumbersPswCredentialsTest Test is successful <===== 
 =====> Selenium Chrome Headless <===== 
12-02-2022 00:53:35 YourStorePage.java INFO  [TestNG-test=Selenium OPEN_CART (Marionette Firefox)-1] pages.CheckOutPage 163 - Navigation bars contains a type of the product
 =====> Software <===== 
]]></system-out>
    <system-err><![CDATA[Starting ChromeDriver 106.0.5249.61 (511755355844955cd3e264779baf0dd38212a4d0-refs/branch-heads/5249@{#569}) on port 36303
Only local connections are allowed.
Please see https://chromedriver.chromium.org/security-considerations for suggestions on keeping ChromeDriver safe.
ChromeDriver was started successfully.
]]></system-err>
  </testcase>
  <testcase name="featuredTest" classname="com.qa.opencart.test.YourStorePageTest" time="0.306">
    <system-out><![CDATA[=====> validateNavigationBarsTest Test is successful <===== 
12-02-2022 00:53:35 YourStorePage.java INFO  [TestNG-test=Selenium OPEN_CART (Marionette Firefox)-2] pages.CheckOutPage 82 - User navigates on the contact us page. 
12-02-2022 00:53:35 ContactUsPage.java INFO  [TestNG-test=Selenium OPEN_CART (Marionette Firefox)-2] pages.CheckOutPage 69 - User types the full names. 
 =====> Selenium Chrome Headless <===== 
12-02-2022 00:53:35 YourStorePage.java INFO  [TestNG-test=Selenium OPEN_CART (Marionette Firefox)-3] pages.CheckOutPage 115 - User clicks on the shopping cart button. 
12-02-2022 00:53:35 ContactUsPage.java INFO  [TestNG-test=Selenium OPEN_CART (Marionette Firefox)-2] pages.CheckOutPage 73 - User types an email. 
12-02-2022 00:53:35 ContactUsPage.java INFO  [TestNG-test=Selenium OPEN_CART (Marionette Firefox)-2] pages.CheckOutPage 77 - User types an enquiry. 
12-02-2022 00:53:39 YourStorePage.java INFO  [TestNG-test=Selenium OPEN_CART (Marionette Firefox)-3] pages.CheckOutPage 117 - User navigates on the register page. 
>7bx"2yW$^sk3~$%{ag!(08p9%0]y\dk9
12-02-2022 00:53:39 RegisterPage.java INFO  [TestNG-test=Selenium OPEN_CART (Marionette Firefox)-3] pages.CheckOutPage 91 - User types the first name. 
=====> doLoginBetweenOneToFourEmailJustNumbersPswCredentialsTest Test started <===== 
12-02-2022 00:53:39 YourStorePage.java INFO  [TestNG-test=Selenium OPEN_CART (Marionette Firefox)-4] pages.CheckOutPage 136 - User clicks on the my account button. 
12-02-2022 00:53:39 RegisterPage.java INFO  [TestNG-test=Selenium OPEN_CART (Marionette Firefox)-3] pages.CheckOutPage 95 - User types the last name. 
=====> featuredTest Test started <===== 
12-02-2022 00:53:39 RegisterPage.java INFO  [TestNG-test=Selenium OPEN_CART (Marionette Firefox)-3] pages.CheckOutPage 99 - User types the email. 
12-02-2022 00:53:39 YourStorePage.java INFO  [TestNG-test=Selenium OPEN_CART (Marionette Firefox)-1] pages.CheckOutPage 183 - Navigation bars contains a type of the product
 =====> iPhone <===== 
]]></system-out>
    <system-err><![CDATA[Starting ChromeDriver 106.0.5249.61 (511755355844955cd3e264779baf0dd38212a4d0-refs/branch-heads/5249@{#569}) on port 40246
Only local connections are allowed.
Please see https://chromedriver.chromium.org/security-considerations for suggestions on keeping ChromeDriver safe.
ChromeDriver was started successfully.
]]></system-err>
  </testcase>
  <testcase name="adsQuantityTest" classname="com.qa.opencart.test.YourStorePageTest" time="0.087">
    <system-out><![CDATA[=====> doContactUsInvalidEnquiryMaximumValueTest Test is successful <===== 
 =====> The Quantity of Advertise is 21 Companies. <===== 
]]></system-out>
  </testcase>
  <testcase name="adsTest" classname="com.qa.opencart.test.YourStorePageTest" time="0.425">
    <system-out><![CDATA[=====> adsQuantityTest Test is successful <===== 
 =====> Selenium Chrome Headless <===== 
=====> doLoginInvalidCredentialsTest Test started <===== 
12-02-2022 00:53:46 YourStorePage.java INFO  [TestNG-test=Selenium OPEN_CART (Marionette Firefox)-4] pages.CheckOutPage 136 - User clicks on the my account button. 
12-02-2022 00:53:47 YourStorePage.java INFO  [TestNG-test=Selenium OPEN_CART (Marionette Firefox)-4] pages.CheckOutPage 138 - User clicks on the login button. 
12-02-2022 00:53:47 YourStorePage.java INFO  [TestNG-test=Selenium OPEN_CART (Marionette Firefox)-4] pages.CheckOutPage 140 - User navigates on the login page. 
12-02-2022 00:53:48 LoginPage.java INFO  [TestNG-test=Selenium OPEN_CART (Marionette Firefox)-4] pages.CheckOutPage 70 - User types an invalid email. 
12-02-2022 00:53:48 LoginPage.java INFO  [TestNG-test=Selenium OPEN_CART (Marionette Firefox)-4] pages.CheckOutPage 74 - User types a invalid password. 
12-02-2022 00:53:48 LoginPage.java INFO  [TestNG-test=Selenium OPEN_CART (Marionette Firefox)-4] pages.CheckOutPage 78 - User clicks on the submit button. 
=====> doRegisterNewCustomerMinimumPasswordValueTest Test started <===== 
12-02-2022 00:53:48 YourStorePage.java INFO  [TestNG-test=Selenium OPEN_CART (Marionette Firefox)-3] pages.CheckOutPage 113 - User clicks on the my account button. 
=====> adsTest Test started <===== 
12-02-2022 00:53:49 YourStorePage.java INFO  [TestNG-test=Selenium OPEN_CART (Marionette Firefox)-3] pages.CheckOutPage 115 - User clicks on the shopping cart button. 
12-02-2022 00:53:49 YourStorePage.java INFO  [TestNG-test=Selenium OPEN_CART (Marionette Firefox)-1] pages.CheckOutPage 211 - Footer contains the certain brand
 =====> Burger King <===== 
]]></system-out>
    <system-err><![CDATA[Starting ChromeDriver 106.0.5249.61 (511755355844955cd3e264779baf0dd38212a4d0-refs/branch-heads/5249@{#569}) on port 24915
Only local connections are allowed.
Please see https://chromedriver.chromium.org/security-considerations for suggestions on keeping ChromeDriver safe.
ChromeDriver was started successfully.
]]></system-err>
  </testcase>
  <testcase name="validateRegisterTitleTest" classname="com.qa.opencart.test.RegisterPageTest" time="2.149">
    <system-out><![CDATA[=====> validateYourPageLogoTest Test is successful <===== 
 =====> Selenium Chrome Headless <===== 
12-02-2022 00:52:49 YourStorePage.java INFO  [TestNG-test=Selenium OPEN_CART (Marionette Firefox)-3] pages.CheckOutPage 117 - User navigates on the register page. 
12-02-2022 00:52:49 RegisterPage.java INFO  [TestNG-test=Selenium OPEN_CART (Marionette Firefox)-3] pages.CheckOutPage 32 - User validates the title page. 
 =====> Register Page Title Is: Register Account <===== 
]]></system-out>
    <system-err><![CDATA[Starting ChromeDriver 106.0.5249.61 (511755355844955cd3e264779baf0dd38212a4d0-refs/branch-heads/5249@{#569}) on port 25415
Only local connections are allowed.
Please see https://chromedriver.chromium.org/security-considerations for suggestions on keeping ChromeDriver safe.
ChromeDriver was started successfully.
]]></system-err>
  </testcase>
  <testcase name="doRegisterNewCustomerTest" classname="com.qa.opencart.test.RegisterPageTest" time="0.587">
    <system-out><![CDATA[=====> getCurrencyTest Test is successful <===== 
 =====> Selenium Chrome Headless <===== 
12-02-2022 00:52:58 RegisterPage.java INFO  [TestNG-test=Selenium OPEN_CART (Marionette Firefox)-3] pages.CheckOutPage 95 - User types the last name. 
12-02-2022 00:52:58 RegisterPage.java INFO  [TestNG-test=Selenium OPEN_CART (Marionette Firefox)-3] pages.CheckOutPage 99 - User types the email. 
12-02-2022 00:52:59 RegisterPage.java INFO  [TestNG-test=Selenium OPEN_CART (Marionette Firefox)-3] pages.CheckOutPage 103 - User types the phone number. 
12-02-2022 00:52:59 RegisterPage.java INFO  [TestNG-test=Selenium OPEN_CART (Marionette Firefox)-3] pages.CheckOutPage 107 - User types a password. 
12-02-2022 00:52:59 RegisterPage.java INFO  [TestNG-test=Selenium OPEN_CART (Marionette Firefox)-3] pages.CheckOutPage 111 - User types a confirm password. 
12-02-2022 00:52:59 RegisterPage.java INFO  [TestNG-test=Selenium OPEN_CART (Marionette Firefox)-3] pages.CheckOutPage 115 - User checks agreement checkbox. 
12-02-2022 00:53:00 RegisterPage.java INFO  [TestNG-test=Selenium OPEN_CART (Marionette Firefox)-3] pages.CheckOutPage 118 - User clicks on the submit button. 
=====> doLoginNotExistingCredentialsTest Test started <===== 
12-02-2022 00:53:00 YourStorePage.java INFO  [TestNG-test=Selenium OPEN_CART (Marionette Firefox)-4] pages.CheckOutPage 136 - User clicks on the my account button. 
12-02-2022 00:53:01 YourStorePage.java INFO  [TestNG-test=Selenium OPEN_CART (Marionette Firefox)-4] pages.CheckOutPage 138 - User clicks on the login button. 
=====> doContactUsInvalidYourNameMinimumValueTest Test started <===== 
12-02-2022 00:53:01 YourStorePage.java INFO  [TestNG-test=Selenium OPEN_CART (Marionette Firefox)-2] pages.CheckOutPage 80 - User clicks on teh contact us icon. 
12-02-2022 00:53:01 YourStorePage.java INFO  [TestNG-test=Selenium OPEN_CART (Marionette Firefox)-4] pages.CheckOutPage 140 - User navigates on the login page. 
12-02-2022 00:53:01 LoginPage.java INFO  [TestNG-test=Selenium OPEN_CART (Marionette Firefox)-4] pages.CheckOutPage 70 - User types an invalid email. 
12-02-2022 00:53:01 RegisterPage.java INFO  [TestNG-test=Selenium OPEN_CART (Marionette Firefox)-3] pages.CheckOutPage 187 - User receives an success created message message. 
12-02-2022 00:53:02 LoginPage.java INFO  [TestNG-test=Selenium OPEN_CART (Marionette Firefox)-4] pages.CheckOutPage 74 - User types a invalid password. 
=====> doClickOnTheContactUsIconTest Test started <===== 
12-02-2022 00:53:02 YourStorePage.java INFO  [TestNG-test=Selenium OPEN_CART (Marionette Firefox)-1] pages.CheckOutPage 80 - User clicks on teh contact us icon. 
12-02-2022 00:53:02 YourStorePage.java INFO  [TestNG-test=Selenium OPEN_CART (Marionette Firefox)-2] pages.CheckOutPage 82 - User navigates on the contact us page. 
12-02-2022 00:53:02 ContactUsPage.java INFO  [TestNG-test=Selenium OPEN_CART (Marionette Firefox)-2] pages.CheckOutPage 69 - User types the full names. 
12-02-2022 00:53:03 LoginPage.java INFO  [TestNG-test=Selenium OPEN_CART (Marionette Firefox)-4] pages.CheckOutPage 78 - User clicks on the submit button. 
12-02-2022 00:53:03 ContactUsPage.java INFO  [TestNG-test=Selenium OPEN_CART (Marionette Firefox)-2] pages.CheckOutPage 73 - User types an email. 
 =====> Your Account Has Been Created! <===== 
]]></system-out>
    <system-err><![CDATA[Starting ChromeDriver 106.0.5249.61 (511755355844955cd3e264779baf0dd38212a4d0-refs/branch-heads/5249@{#569}) on port 20906
Only local connections are allowed.
Please see https://chromedriver.chromium.org/security-considerations for suggestions on keeping ChromeDriver safe.
ChromeDriver was started successfully.
]]></system-err>
  </testcase>
  <testcase name="doRegisterExistingCustomerTest" classname="com.qa.opencart.test.RegisterPageTest" time="7.954">
    <system-out><![CDATA[=====> doContactUsInvalidYourNameMaximumValueTest Test is successful <===== 
12-02-2022 00:53:14 RegisterPage.java INFO  [TestNG-test=Selenium OPEN_CART (Marionette Firefox)-3] pages.CheckOutPage 111 - User types a confirm password. 
 =====> Selenium Chrome Headless <===== 
12-02-2022 00:53:15 RegisterPage.java INFO  [TestNG-test=Selenium OPEN_CART (Marionette Firefox)-3] pages.CheckOutPage 115 - User checks agreement checkbox. 
12-02-2022 00:53:15 RegisterPage.java INFO  [TestNG-test=Selenium OPEN_CART (Marionette Firefox)-3] pages.CheckOutPage 118 - User clicks on the submit button. 
12-02-2022 00:53:17 RegisterPage.java INFO  [TestNG-test=Selenium OPEN_CART (Marionette Firefox)-3] pages.CheckOutPage 219 - User receives an warning message. 
 =====> Warning: E-Mail Address is already registered! <===== 
]]></system-out>
    <system-err><![CDATA[Starting ChromeDriver 106.0.5249.61 (511755355844955cd3e264779baf0dd38212a4d0-refs/branch-heads/5249@{#569}) on port 14801
Only local connections are allowed.
Please see https://chromedriver.chromium.org/security-considerations for suggestions on keeping ChromeDriver safe.
ChromeDriver was started successfully.
]]></system-err>
  </testcase>
  <testcase name="doRegisterNewCustomerMinimumPhoneNumberValueTest" classname="com.qa.opencart.test.RegisterPageTest" time="1.685">
    <system-out><![CDATA[=====> doClickOnTheCheckOutPage Test is successful <===== 
 =====> Selenium Chrome Headless <===== 
 =====> Telephone must be between 3 and 32 characters! <===== 
]]></system-out>
    <system-err><![CDATA[Starting ChromeDriver 106.0.5249.61 (511755355844955cd3e264779baf0dd38212a4d0-refs/branch-heads/5249@{#569}) on port 41586
Only local connections are allowed.
Please see https://chromedriver.chromium.org/security-considerations for suggestions on keeping ChromeDriver safe.
]]></system-err>
  </testcase>
  <testcase name="doRegisterNewCustomerMaximumPhoneNumberValueTest" classname="com.qa.opencart.test.RegisterPageTest" time="4.776">
    <system-out><![CDATA[=====> doLoginBetweenOneToFourEmailJustNumbersPswCredentialsTest Test is successful <===== 
 =====> Selenium Chrome Headless <===== 
12-02-2022 00:53:42 RegisterPage.java INFO  [TestNG-test=Selenium OPEN_CART (Marionette Firefox)-3] pages.CheckOutPage 203 - User receives an alert message. 
12-02-2022 00:53:43 ContactUsPage.java INFO  [TestNG-test=Selenium OPEN_CART (Marionette Firefox)-2] pages.CheckOutPage 81 - User clicks on the submit button. 
 =====> Telephone must be between 3 and 32 characters! <===== 
]]></system-out>
    <system-err><![CDATA[Starting ChromeDriver 106.0.5249.61 (511755355844955cd3e264779baf0dd38212a4d0-refs/branch-heads/5249@{#569}) on port 2304
Only local connections are allowed.
Please see https://chromedriver.chromium.org/security-considerations for suggestions on keeping ChromeDriver safe.
ChromeDriver was started successfully.
]]></system-err>
  </testcase>
  <testcase name="doRegisterNewCustomerMinimumPasswordValueTest" classname="com.qa.opencart.test.RegisterPageTest" time="1.876">
    <system-out><![CDATA[=====> doLoginInvalidCredentialsTest Test is successful <===== 
 =====> Selenium Chrome Headless <===== 
12-02-2022 00:53:52 YourStorePage.java INFO  [TestNG-test=Selenium OPEN_CART (Marionette Firefox)-3] pages.CheckOutPage 117 - User navigates on the register page. 
ar
12-02-2022 00:53:52 RegisterPage.java INFO  [TestNG-test=Selenium OPEN_CART (Marionette Firefox)-3] pages.CheckOutPage 91 - User types the first name. 
12-02-2022 00:53:52 RegisterPage.java INFO  [TestNG-test=Selenium OPEN_CART (Marionette Firefox)-3] pages.CheckOutPage 95 - User types the last name. 
12-02-2022 00:53:52 RegisterPage.java INFO  [TestNG-test=Selenium OPEN_CART (Marionette Firefox)-3] pages.CheckOutPage 99 - User types the email. 
12-02-2022 00:53:53 RegisterPage.java INFO  [TestNG-test=Selenium OPEN_CART (Marionette Firefox)-3] pages.CheckOutPage 103 - User types the phone number. 
12-02-2022 00:53:53 RegisterPage.java INFO  [TestNG-test=Selenium OPEN_CART (Marionette Firefox)-3] pages.CheckOutPage 107 - User types a password. 
12-02-2022 00:53:53 RegisterPage.java INFO  [TestNG-test=Selenium OPEN_CART (Marionette Firefox)-3] pages.CheckOutPage 111 - User types a confirm password. 
12-02-2022 00:53:53 RegisterPage.java INFO  [TestNG-test=Selenium OPEN_CART (Marionette Firefox)-3] pages.CheckOutPage 115 - User checks agreement checkbox. 
12-02-2022 00:53:53 RegisterPage.java INFO  [TestNG-test=Selenium OPEN_CART (Marionette Firefox)-3] pages.CheckOutPage 118 - User clicks on the submit button. 
=====> doLogOutTest Test started <===== 
12-02-2022 00:53:54 YourStorePage.java INFO  [TestNG-test=Selenium OPEN_CART (Marionette Firefox)-4] pages.CheckOutPage 136 - User clicks on the my account button. 
12-02-2022 00:53:54 RegisterPage.java INFO  [TestNG-test=Selenium OPEN_CART (Marionette Firefox)-3] pages.CheckOutPage 203 - User receives an alert message. 
12-02-2022 00:53:55 YourStorePage.java INFO  [TestNG-test=Selenium OPEN_CART (Marionette Firefox)-4] pages.CheckOutPage 138 - User clicks on the login button. 
12-02-2022 00:53:55 YourStorePage.java INFO  [TestNG-test=Selenium OPEN_CART (Marionette Firefox)-4] pages.CheckOutPage 140 - User navigates on the login page. 
12-02-2022 00:53:55 LoginPage.java INFO  [TestNG-test=Selenium OPEN_CART (Marionette Firefox)-4] pages.CheckOutPage 57 - User types an email. 
12-02-2022 00:53:56 LoginPage.java INFO  [TestNG-test=Selenium OPEN_CART (Marionette Firefox)-4] pages.CheckOutPage 61 - User types a password. 
 =====> Password must be between 4 and 20 characters! <===== 
12-02-2022 00:53:56 LoginPage.java INFO  [TestNG-test=Selenium OPEN_CART (Marionette Firefox)-4] pages.CheckOutPage 65 - User clicks on the submit button. 
]]></system-out>
    <system-err><![CDATA[Starting ChromeDriver 106.0.5249.61 (511755355844955cd3e264779baf0dd38212a4d0-refs/branch-heads/5249@{#569}) on port 20441
Only local connections are allowed.
Please see https://chromedriver.chromium.org/security-considerations for suggestions on keeping ChromeDriver safe.
ChromeDriver was started successfully.
]]></system-err>
  </testcase>
  <testcase name="doRegisterNewCustomerMaximumPasswordValueTest" classname="com.qa.opencart.test.RegisterPageTest" time="8.28">
    <system-out><![CDATA[=====> doLogOutTest Test is successful <===== 
=====> doRegisterNewCustomerMaximumPasswordValueTest Test started <===== 
12-02-2022 00:54:01 YourStorePage.java INFO  [TestNG-test=Selenium OPEN_CART (Marionette Firefox)-3] pages.CheckOutPage 113 - User clicks on the my account button. 
12-02-2022 00:54:01 YourStorePage.java INFO  [TestNG-test=Selenium OPEN_CART (Marionette Firefox)-3] pages.CheckOutPage 115 - User clicks on the shopping cart button. 
12-02-2022 00:54:04 YourStorePage.java INFO  [TestNG-test=Selenium OPEN_CART (Marionette Firefox)-3] pages.CheckOutPage 117 - User navigates on the register page. 
/jMc^pn=u3r^gY!}w\Tq{9vQdICMH2|idlTzDBW(,
12-02-2022 00:54:04 RegisterPage.java INFO  [TestNG-test=Selenium OPEN_CART (Marionette Firefox)-3] pages.CheckOutPage 91 - User types the first name. 
12-02-2022 00:54:04 RegisterPage.java INFO  [TestNG-test=Selenium OPEN_CART (Marionette Firefox)-3] pages.CheckOutPage 95 - User types the last name. 
12-02-2022 00:54:04 RegisterPage.java INFO  [TestNG-test=Selenium OPEN_CART (Marionette Firefox)-3] pages.CheckOutPage 99 - User types the email. 
12-02-2022 00:54:04 RegisterPage.java INFO  [TestNG-test=Selenium OPEN_CART (Marionette Firefox)-3] pages.CheckOutPage 103 - User types the phone number. 
12-02-2022 00:54:05 RegisterPage.java INFO  [TestNG-test=Selenium OPEN_CART (Marionette Firefox)-3] pages.CheckOutPage 107 - User types a password. 
12-02-2022 00:54:05 RegisterPage.java INFO  [TestNG-test=Selenium OPEN_CART (Marionette Firefox)-3] pages.CheckOutPage 111 - User types a confirm password. 
12-02-2022 00:54:05 RegisterPage.java INFO  [TestNG-test=Selenium OPEN_CART (Marionette Firefox)-3] pages.CheckOutPage 115 - User checks agreement checkbox. 
12-02-2022 00:54:07 RegisterPage.java INFO  [TestNG-test=Selenium OPEN_CART (Marionette Firefox)-3] pages.CheckOutPage 118 - User clicks on the submit button. 
12-02-2022 00:54:08 RegisterPage.java INFO  [TestNG-test=Selenium OPEN_CART (Marionette Firefox)-3] pages.CheckOutPage 203 - User receives an alert message. 
 =====> Password must be between 4 and 20 characters! <===== 
]]></system-out>
  </testcase>
  <testcase name="doRegisterNewCustomerUnmatchedPasswordValueTest" classname="com.qa.opencart.test.RegisterPageTest" time="7.298">
    <system-out><![CDATA[=====> doRegisterNewCustomerMaximumPasswordValueTest Test is successful <===== 
 =====> Selenium Chrome Headless <===== 
=====> doRegisterNewCustomerUnmatchedPasswordValueTest Test started <===== 
12-02-2022 00:54:13 YourStorePage.java INFO  [TestNG-test=Selenium OPEN_CART (Marionette Firefox)-3] pages.CheckOutPage 113 - User clicks on the my account button. 
12-02-2022 00:54:14 YourStorePage.java INFO  [TestNG-test=Selenium OPEN_CART (Marionette Firefox)-3] pages.CheckOutPage 115 - User clicks on the shopping cart button. 
12-02-2022 00:54:17 YourStorePage.java INFO  [TestNG-test=Selenium OPEN_CART (Marionette Firefox)-3] pages.CheckOutPage 117 - User navigates on the register page. 
12-02-2022 00:54:17 RegisterPage.java INFO  [TestNG-test=Selenium OPEN_CART (Marionette Firefox)-3] pages.CheckOutPage 122 - User types the first name. 
12-02-2022 00:54:17 RegisterPage.java INFO  [TestNG-test=Selenium OPEN_CART (Marionette Firefox)-3] pages.CheckOutPage 126 - User types the last name. 
12-02-2022 00:54:17 RegisterPage.java INFO  [TestNG-test=Selenium OPEN_CART (Marionette Firefox)-3] pages.CheckOutPage 130 - User types the email. 
12-02-2022 00:54:18 RegisterPage.java INFO  [TestNG-test=Selenium OPEN_CART (Marionette Firefox)-3] pages.CheckOutPage 134 - User types the phone number. 
12-02-2022 00:54:18 RegisterPage.java INFO  [TestNG-test=Selenium OPEN_CART (Marionette Firefox)-3] pages.CheckOutPage 138 - User types a password. 
12-02-2022 00:54:18 RegisterPage.java INFO  [TestNG-test=Selenium OPEN_CART (Marionette Firefox)-3] pages.CheckOutPage 142 - User types a confirm password. 
12-02-2022 00:54:18 RegisterPage.java INFO  [TestNG-test=Selenium OPEN_CART (Marionette Firefox)-3] pages.CheckOutPage 146 - User checks agreement checkbox. 
12-02-2022 00:54:19 RegisterPage.java INFO  [TestNG-test=Selenium OPEN_CART (Marionette Firefox)-3] pages.CheckOutPage 149 - User clicks on the submit button. 
12-02-2022 00:54:20 RegisterPage.java INFO  [TestNG-test=Selenium OPEN_CART (Marionette Firefox)-3] pages.CheckOutPage 203 - User receives an alert message. 
 =====> Password confirmation does not match password! <===== 
]]></system-out>
    <system-err><![CDATA[Starting ChromeDriver 106.0.5249.61 (511755355844955cd3e264779baf0dd38212a4d0-refs/branch-heads/5249@{#569}) on port 26384
Only local connections are allowed.
Please see https://chromedriver.chromium.org/security-considerations for suggestions on keeping ChromeDriver safe.
ChromeDriver was started successfully.
]]></system-err>
  </testcase>
  <testcase name="doRegisterNewCustomerMinimumPasswordValueUnmatchedTest" classname="com.qa.opencart.test.RegisterPageTest" time="7.017">
    <system-out><![CDATA[=====> doRegisterNewCustomerUnmatchedPasswordValueTest Test is successful <===== 
 =====> Selenium Chrome Headless <===== 
=====> doRegisterNewCustomerMinimumPasswordValueUnmatchedTest Test started <===== 
12-02-2022 00:54:26 YourStorePage.java INFO  [TestNG-test=Selenium OPEN_CART (Marionette Firefox)-3] pages.CheckOutPage 113 - User clicks on the my account button. 
12-02-2022 00:54:26 YourStorePage.java INFO  [TestNG-test=Selenium OPEN_CART (Marionette Firefox)-3] pages.CheckOutPage 115 - User clicks on the shopping cart button. 
12-02-2022 00:54:29 YourStorePage.java INFO  [TestNG-test=Selenium OPEN_CART (Marionette Firefox)-3] pages.CheckOutPage 117 - User navigates on the register page. 
Ol
,&?
12-02-2022 00:54:29 RegisterPage.java INFO  [TestNG-test=Selenium OPEN_CART (Marionette Firefox)-3] pages.CheckOutPage 122 - User types the first name. 
12-02-2022 00:54:29 RegisterPage.java INFO  [TestNG-test=Selenium OPEN_CART (Marionette Firefox)-3] pages.CheckOutPage 126 - User types the last name. 
12-02-2022 00:54:30 RegisterPage.java INFO  [TestNG-test=Selenium OPEN_CART (Marionette Firefox)-3] pages.CheckOutPage 130 - User types the email. 
12-02-2022 00:54:30 RegisterPage.java INFO  [TestNG-test=Selenium OPEN_CART (Marionette Firefox)-3] pages.CheckOutPage 134 - User types the phone number. 
12-02-2022 00:54:30 RegisterPage.java INFO  [TestNG-test=Selenium OPEN_CART (Marionette Firefox)-3] pages.CheckOutPage 138 - User types a password. 
12-02-2022 00:54:30 RegisterPage.java INFO  [TestNG-test=Selenium OPEN_CART (Marionette Firefox)-3] pages.CheckOutPage 142 - User types a confirm password. 
12-02-2022 00:54:30 RegisterPage.java INFO  [TestNG-test=Selenium OPEN_CART (Marionette Firefox)-3] pages.CheckOutPage 146 - User checks agreement checkbox. 
12-02-2022 00:54:31 RegisterPage.java INFO  [TestNG-test=Selenium OPEN_CART (Marionette Firefox)-3] pages.CheckOutPage 149 - User clicks on the submit button. 
12-02-2022 00:54:32 RegisterPage.java INFO  [TestNG-test=Selenium OPEN_CART (Marionette Firefox)-3] pages.CheckOutPage 203 - User receives an alert message. 
 =====> Password must be between 4 and 20 characters! <===== 
]]></system-out>
    <system-err><![CDATA[Starting ChromeDriver 106.0.5249.61 (511755355844955cd3e264779baf0dd38212a4d0-refs/branch-heads/5249@{#569}) on port 25768
Only local connections are allowed.
Please see https://chromedriver.chromium.org/security-considerations for suggestions on keeping ChromeDriver safe.
ChromeDriver was started successfully.
]]></system-err>
  </testcase>
  <testcase name="doRegisterNewCustomerWithoutAgreementPolicyTest" classname="com.qa.opencart.test.RegisterPageTest" time="6.079">
    <system-out><![CDATA[=====> doRegisterNewCustomerMinimumPasswordValueUnmatchedTest Test is successful <===== 
 =====> Selenium Chrome Headless <===== 
=====> doRegisterNewCustomerWithoutAgreementPolicyTest Test started <===== 
12-02-2022 00:54:37 YourStorePage.java INFO  [TestNG-test=Selenium OPEN_CART (Marionette Firefox)-3] pages.CheckOutPage 113 - User clicks on the my account button. 
12-02-2022 00:54:38 YourStorePage.java INFO  [TestNG-test=Selenium OPEN_CART (Marionette Firefox)-3] pages.CheckOutPage 115 - User clicks on the shopping cart button. 
12-02-2022 00:54:41 YourStorePage.java INFO  [TestNG-test=Selenium OPEN_CART (Marionette Firefox)-3] pages.CheckOutPage 117 - User navigates on the register page. 
12-02-2022 00:54:41 RegisterPage.java INFO  [TestNG-test=Selenium OPEN_CART (Marionette Firefox)-3] pages.CheckOutPage 153 - User types the first name. 
12-02-2022 00:54:41 RegisterPage.java INFO  [TestNG-test=Selenium OPEN_CART (Marionette Firefox)-3] pages.CheckOutPage 157 - User types the last name. 
12-02-2022 00:54:41 RegisterPage.java INFO  [TestNG-test=Selenium OPEN_CART (Marionette Firefox)-3] pages.CheckOutPage 161 - User types the email. 
12-02-2022 00:54:41 RegisterPage.java INFO  [TestNG-test=Selenium OPEN_CART (Marionette Firefox)-3] pages.CheckOutPage 165 - User types the phone number. 
12-02-2022 00:54:42 RegisterPage.java INFO  [TestNG-test=Selenium OPEN_CART (Marionette Firefox)-3] pages.CheckOutPage 169 - User types a password. 
12-02-2022 00:54:42 RegisterPage.java INFO  [TestNG-test=Selenium OPEN_CART (Marionette Firefox)-3] pages.CheckOutPage 173 - User types a confirm password. 
12-02-2022 00:54:42 RegisterPage.java INFO  [TestNG-test=Selenium OPEN_CART (Marionette Firefox)-3] pages.CheckOutPage 177 - User clicks on the submit button. 
12-02-2022 00:54:43 RegisterPage.java INFO  [TestNG-test=Selenium OPEN_CART (Marionette Firefox)-3] pages.CheckOutPage 219 - User receives an warning message. 
 =====> Warning: You must agree to the Privacy Policy! <===== 
]]></system-out>
    <system-err><![CDATA[Starting ChromeDriver 106.0.5249.61 (511755355844955cd3e264779baf0dd38212a4d0-refs/branch-heads/5249@{#569}) on port 27846
Only local connections are allowed.
Please see https://chromedriver.chromium.org/security-considerations for suggestions on keeping ChromeDriver safe.
ChromeDriver was started successfully.
]]></system-err>
  </testcase>
  <testcase name="doForgotPasswordValidatePageTest" classname="com.qa.opencart.test.RegisterPageTest" time="4.096">
    <system-out><![CDATA[=====> doRegisterNewCustomerWithoutAgreementPolicyTest Test is successful <===== 
 =====> Selenium Chrome Headless <===== 
=====> doForgotPasswordValidatePageTest Test started <===== 
12-02-2022 00:54:48 YourStorePage.java INFO  [TestNG-test=Selenium OPEN_CART (Marionette Firefox)-3] pages.CheckOutPage 113 - User clicks on the my account button. 
12-02-2022 00:54:49 YourStorePage.java INFO  [TestNG-test=Selenium OPEN_CART (Marionette Firefox)-3] pages.CheckOutPage 115 - User clicks on the shopping cart button. 
12-02-2022 00:54:52 YourStorePage.java INFO  [TestNG-test=Selenium OPEN_CART (Marionette Firefox)-3] pages.CheckOutPage 117 - User navigates on the register page. 
12-02-2022 00:54:52 RegisterPage.java INFO  [TestNG-test=Selenium OPEN_CART (Marionette Firefox)-3] pages.CheckOutPage 235 - User clicks on the forgotten password section.
12-02-2022 00:54:52 RegisterPage.java INFO  [TestNG-test=Selenium OPEN_CART (Marionette Firefox)-3] pages.CheckOutPage 245 -  =====> Forgotten Password Link has been displayed <===== 
 =====> Forgot Your Password? <===== 
]]></system-out>
    <system-err><![CDATA[Starting ChromeDriver 106.0.5249.61 (511755355844955cd3e264779baf0dd38212a4d0-refs/branch-heads/5249@{#569}) on port 13246
Only local connections are allowed.
Please see https://chromedriver.chromium.org/security-considerations for suggestions on keeping ChromeDriver safe.
ChromeDriver was started successfully.
]]></system-err>
  </testcase>
  <testcase name="doSendEmailForgotPasswordExistingCustomerTest" classname="com.qa.opencart.test.RegisterPageTest" time="5.112">
    <system-out><![CDATA[=====> doForgotPasswordValidatePageTest Test is successful <===== 
 =====> Selenium Chrome Headless <===== 
=====> doSendEmailForgotPasswordExistingCustomerTest Test started <===== 
12-02-2022 00:54:57 YourStorePage.java INFO  [TestNG-test=Selenium OPEN_CART (Marionette Firefox)-3] pages.CheckOutPage 113 - User clicks on the my account button. 
12-02-2022 00:54:57 YourStorePage.java INFO  [TestNG-test=Selenium OPEN_CART (Marionette Firefox)-3] pages.CheckOutPage 115 - User clicks on the shopping cart button. 
12-02-2022 00:55:00 YourStorePage.java INFO  [TestNG-test=Selenium OPEN_CART (Marionette Firefox)-3] pages.CheckOutPage 117 - User navigates on the register page. 
12-02-2022 00:55:00 RegisterPage.java INFO  [TestNG-test=Selenium OPEN_CART (Marionette Firefox)-3] pages.CheckOutPage 235 - User clicks on the forgotten password section.
12-02-2022 00:55:01 RegisterPage.java WARN  [TestNG-test=Selenium OPEN_CART (Marionette Firefox)-3] pages.CheckOutPage 264 - User types email for sending a new password. 
12-02-2022 00:55:01 RegisterPage.java INFO  [TestNG-test=Selenium OPEN_CART (Marionette Firefox)-3] pages.CheckOutPage 266 - User clicks on the 'Continue' button. 
12-02-2022 00:55:02 RegisterPage.java INFO  [TestNG-test=Selenium OPEN_CART (Marionette Firefox)-3] pages.CheckOutPage 276 - User receives an success message. 
 =====> An email with a confirmation link has been sent your email address. <===== 
]]></system-out>
    <system-err><![CDATA[Starting ChromeDriver 106.0.5249.61 (511755355844955cd3e264779baf0dd38212a4d0-refs/branch-heads/5249@{#569}) on port 16064
Only local connections are allowed.
Please see https://chromedriver.chromium.org/security-considerations for suggestions on keeping ChromeDriver safe.
ChromeDriver was started successfully.
]]></system-err>
  </testcase>
  <testcase name="doSendEmailForgotPasswordNewCustomerTest" classname="com.qa.opencart.test.RegisterPageTest" time="4.991">
    <system-out><![CDATA[=====> doSendEmailForgotPasswordExistingCustomerTest Test is successful <===== 
 =====> Selenium Chrome Headless <===== 
=====> doSendEmailForgotPasswordNewCustomerTest Test started <===== 
12-02-2022 00:55:07 YourStorePage.java INFO  [TestNG-test=Selenium OPEN_CART (Marionette Firefox)-3] pages.CheckOutPage 113 - User clicks on the my account button. 
12-02-2022 00:55:07 YourStorePage.java INFO  [TestNG-test=Selenium OPEN_CART (Marionette Firefox)-3] pages.CheckOutPage 115 - User clicks on the shopping cart button. 
12-02-2022 00:55:10 YourStorePage.java INFO  [TestNG-test=Selenium OPEN_CART (Marionette Firefox)-3] pages.CheckOutPage 117 - User navigates on the register page. 
12-02-2022 00:55:10 RegisterPage.java INFO  [TestNG-test=Selenium OPEN_CART (Marionette Firefox)-3] pages.CheckOutPage 235 - User clicks on the forgotten password section.
12-02-2022 00:55:11 RegisterPage.java WARN  [TestNG-test=Selenium OPEN_CART (Marionette Firefox)-3] pages.CheckOutPage 264 - User types email for sending a new password. 
12-02-2022 00:55:11 RegisterPage.java INFO  [TestNG-test=Selenium OPEN_CART (Marionette Firefox)-3] pages.CheckOutPage 266 - User clicks on the 'Continue' button. 
12-02-2022 00:55:11 RegisterPage.java INFO  [TestNG-test=Selenium OPEN_CART (Marionette Firefox)-3] pages.CheckOutPage 219 - User receives an warning message. 
 =====> Warning: The E-Mail Address was not found in our records, please try again! <===== 
]]></system-out>
    <system-err><![CDATA[Starting ChromeDriver 106.0.5249.61 (511755355844955cd3e264779baf0dd38212a4d0-refs/branch-heads/5249@{#569}) on port 32493
Only local connections are allowed.
Please see https://chromedriver.chromium.org/security-considerations for suggestions on keeping ChromeDriver safe.
ChromeDriver was started successfully.
]]></system-err>
  </testcase>
</testsuite>