<?xml version="1.0" encoding="UTF-8"?>
<!-- Generated by org.testng.reporters.JUnitReportReporter -->
<testsuite hostname="Macbook-Pro.local" failures="0" tests="10" name="com.qa.opencart.test.LoginPageTest" time="82.250" errors="0" timestamp="2022-12-02T00:55:12 MST" skipped="0">
  <testcase classname="com.qa.opencart.test.LoginPageTest" name="validateLoginPageTitleTest" time="5.961"/>
  <system-out/>
  <testcase classname="com.qa.opencart.test.LoginPageTest" name="doLoginValidCredentialsTest" time="8.072"/>
  <system-out/>
  <testcase classname="com.qa.opencart.test.LoginPageTest" name="doLoginNotExistingCredentialsTest" time="13.133"/>
  <system-out/>
  <testcase classname="com.qa.opencart.test.LoginPageTest" name="doLoginWrongEmailValidPswCredentialsTest" time="8.343"/>
  <system-out/>
  <testcase classname="com.qa.opencart.test.LoginPageTest" name="doLoginValidEmailWrongPswCredentialsTest" time="7.948"/>
  <system-out/>
  <testcase classname="com.qa.opencart.test.LoginPageTest" name="doLoginBetweenOneToFourValidPswCredentialsTest" time="7.304"/>
  <system-out/>
  <testcase classname="com.qa.opencart.test.LoginPageTest" name="doLoginValidEmailJustNumbersPswCredentialsTest" time="7.305"/>
  <system-out/>
  <testcase classname="com.qa.opencart.test.LoginPageTest" name="doLoginBetweenOneToFourEmailJustNumbersPswCredentialsTest" time="7.011"/>
  <system-out/>
  <testcase classname="com.qa.opencart.test.LoginPageTest" name="doLoginInvalidCredentialsTest" time="7.936"/>
  <system-out/>
  <testcase classname="com.qa.opencart.test.LoginPageTest" name="doLogOutTest" time="9.237"/>
  <system-out/>
</testsuite> <!-- com.qa.opencart.test.LoginPageTest -->
