<?xml version="1.0" encoding="UTF-8"?>
<!-- Generated by org.testng.reporters.JUnitReportReporter -->
<testsuite hostname="Macbook-Pro.attlocal.net" failures="0" tests="13" name="com.qa.opencart.test.RegisterPageTest" time="87.857" errors="0" timestamp="2022-11-22T22:51:23 PST" skipped="0">
  <testcase classname="com.qa.opencart.test.RegisterPageTest" name="validateRegisterTitleTest" time="5.978"/>
  <system-out/>
  <testcase classname="com.qa.opencart.test.RegisterPageTest" name="doRegisterNewCustomerTest" time="6.556"/>
  <system-out/>
  <testcase classname="com.qa.opencart.test.RegisterPageTest" name="doRegisterExistingCustomerTest" time="7.297"/>
  <system-out/>
  <testcase classname="com.qa.opencart.test.RegisterPageTest" name="doRegisterNewCustomerMinimumPhoneNumberValueTest" time="6.213"/>
  <system-out/>
  <testcase classname="com.qa.opencart.test.RegisterPageTest" name="doRegisterNewCustomerMaximumPhoneNumberValueTest" time="6.004"/>
  <system-out/>
  <testcase classname="com.qa.opencart.test.RegisterPageTest" name="doRegisterNewCustomerMinimumPasswordValueTest" time="6.155"/>
  <system-out/>
  <testcase classname="com.qa.opencart.test.RegisterPageTest" name="doRegisterNewCustomerMaximumPasswordValueTest" time="6.555"/>
  <system-out/>
  <testcase classname="com.qa.opencart.test.RegisterPageTest" name="doRegisterNewCustomerUnmatchedPasswordValueTest" time="6.646"/>
  <system-out/>
  <testcase classname="com.qa.opencart.test.RegisterPageTest" name="doRegisterNewCustomerMinimumPasswordValueUnmatchedTest" time="5.847"/>
  <system-out/>
  <testcase classname="com.qa.opencart.test.RegisterPageTest" name="doRegisterNewCustomerWithoutAgreementPolicyTest" time="6.272"/>
  <system-out/>
  <testcase classname="com.qa.opencart.test.RegisterPageTest" name="doForgotPasswordValidatePageTest" time="6.781"/>
  <system-out/>
  <testcase classname="com.qa.opencart.test.RegisterPageTest" name="doSendEmailForgotPasswordExistingCustomerTest" time="11.221"/>
  <system-out/>
  <testcase classname="com.qa.opencart.test.RegisterPageTest" name="doSendEmailForgotPasswordNewCustomerTest" time="6.332"/>
  <system-out/>
</testsuite> <!-- com.qa.opencart.test.RegisterPageTest -->
