<?xml version="1.0" encoding="UTF-8"?>
<!-- Generated by org.testng.reporters.JUnitReportReporter -->
<testsuite hostname="Macbook-Pro.attlocal.net" failures="0" tests="14" name="com.qa.opencart.test.ContactUsPageTest" time="101.219" errors="0" timestamp="2022-11-16T22:28:11 PST" skipped="0">
  <testcase classname="com.qa.opencart.test.ContactUsPageTest" name="validateContactUsTitleTest" time="5.109"/>
  <system-out/>
  <testcase classname="com.qa.opencart.test.ContactUsPageTest" name="validateContactUsTitleTest" time="4.699"/>
  <system-out/>
  <testcase classname="com.qa.opencart.test.ContactUsPageTest" name="doContactUsTest" time="6.333"/>
  <system-out/>
  <testcase classname="com.qa.opencart.test.ContactUsPageTest" name="doContactUsTest" time="6.647"/>
  <system-out/>
  <testcase classname="com.qa.opencart.test.ContactUsPageTest" name="doContactUsInvalidYourNameMinimumValueTest" time="5.533"/>
  <system-out/>
  <testcase classname="com.qa.opencart.test.ContactUsPageTest" name="doContactUsInvalidYourNameMinimumValueTest" time="7.249"/>
  <system-out/>
  <testcase classname="com.qa.opencart.test.ContactUsPageTest" name="doContactUsInvalidYourNameMaximumValueTest" time="5.573"/>
  <system-out/>
  <testcase classname="com.qa.opencart.test.ContactUsPageTest" name="doContactUsInvalidYourNameMaximumValueTest" time="8.623"/>
  <system-out/>
  <testcase classname="com.qa.opencart.test.ContactUsPageTest" name="doContactUsInvalidEmailAddressTest" time="9.313"/>
  <system-out/>
  <testcase classname="com.qa.opencart.test.ContactUsPageTest" name="doContactUsInvalidEmailAddressTest" time="7.642"/>
  <system-out/>
  <testcase classname="com.qa.opencart.test.ContactUsPageTest" name="doContactUsInvalidEnquiryMinimumValueTest" time="5.965"/>
  <system-out/>
  <testcase classname="com.qa.opencart.test.ContactUsPageTest" name="doContactUsInvalidEnquiryMinimumValueTest" time="6.584"/>
  <system-out/>
  <testcase classname="com.qa.opencart.test.ContactUsPageTest" name="doContactUsInvalidEnquiryMaximumValueTest" time="14.856"/>
  <system-out/>
  <testcase classname="com.qa.opencart.test.ContactUsPageTest" name="doContactUsInvalidEnquiryMaximumValueTest" time="7.093"/>
  <system-out/>
</testsuite> <!-- com.qa.opencart.test.ContactUsPageTest -->
