<?xml version="1.0" encoding="UTF-8"?>
<!-- Generated by org.testng.reporters.JUnitReportReporter -->
<testsuite hostname="Macbook-Pro.attlocal.net" failures="0" tests="12" name="com.qa.opencart.test.YourStorePageTest" time="62.875" errors="0" timestamp="2022-11-22T22:51:23 PST" skipped="0">
  <testcase classname="com.qa.opencart.test.YourStorePageTest" name="validateYourPageLogoTest" time="4.475"/>
  <system-out/>
  <testcase classname="com.qa.opencart.test.YourStorePageTest" name="validateYourPageTitleTest" time="4.602"/>
  <system-out/>
  <testcase classname="com.qa.opencart.test.YourStorePageTest" name="getCurrencyTest" time="5.897"/>
  <system-out/>
  <testcase classname="com.qa.opencart.test.YourStorePageTest" name="doClickOnTheContactUsIconTest" time="4.973"/>
  <system-out/>
  <testcase classname="com.qa.opencart.test.YourStorePageTest" name="doClickOnTheRegisterPage" time="5.462"/>
  <system-out/>
  <testcase classname="com.qa.opencart.test.YourStorePageTest" name="doClickOnTheLoginPage" time="4.730"/>
  <system-out/>
  <testcase classname="com.qa.opencart.test.YourStorePageTest" name="doClickOnTheShoppingCartPage" time="4.946"/>
  <system-out/>
  <testcase classname="com.qa.opencart.test.YourStorePageTest" name="doClickOnTheCheckOutPage" time="4.804"/>
  <system-out/>
  <testcase classname="com.qa.opencart.test.YourStorePageTest" name="validateNavigationBarsTest" time="9.306"/>
  <system-out/>
  <testcase classname="com.qa.opencart.test.YourStorePageTest" name="featuredTest" time="4.323"/>
  <system-out/>
  <testcase classname="com.qa.opencart.test.YourStorePageTest" name="adsQuantityTest" time="4.231"/>
  <system-out/>
  <testcase classname="com.qa.opencart.test.YourStorePageTest" name="adsTest" time="5.126"/>
  <system-out/>
</testsuite> <!-- com.qa.opencart.test.YourStorePageTest -->
