<?xml version="1.0" encoding="UTF-8"?>
<!-- Generated by org.testng.reporters.JUnitReportReporter -->
<testsuite hostname="Macbook-Pro.local" failures="0" tests="7" name="com.qa.opencart.test.ContactUsPageTest" time="68.258" errors="0" timestamp="2022-12-02T00:55:12 MST" skipped="0">
  <testcase classname="com.qa.opencart.test.ContactUsPageTest" name="validateContactUsTitleTest" time="6.095"/>
  <system-out/>
  <testcase classname="com.qa.opencart.test.ContactUsPageTest" name="doContactUsTest" time="13.540"/>
  <system-out/>
  <testcase classname="com.qa.opencart.test.ContactUsPageTest" name="doContactUsInvalidYourNameMinimumValueTest" time="8.167"/>
  <system-out/>
  <testcase classname="com.qa.opencart.test.ContactUsPageTest" name="doContactUsInvalidYourNameMaximumValueTest" time="9.134"/>
  <system-out/>
  <testcase classname="com.qa.opencart.test.ContactUsPageTest" name="doContactUsInvalidEmailAddressTest" time="8.256"/>
  <system-out/>
  <testcase classname="com.qa.opencart.test.ContactUsPageTest" name="doContactUsInvalidEnquiryMinimumValueTest" time="8.284"/>
  <system-out/>
  <testcase classname="com.qa.opencart.test.ContactUsPageTest" name="doContactUsInvalidEnquiryMaximumValueTest" time="14.782"/>
  <system-out/>
</testsuite> <!-- com.qa.opencart.test.ContactUsPageTest -->
