<?xml version="1.0" encoding="UTF-8"?>
<!-- Generated by org.testng.reporters.JUnitReportReporter -->
<testsuite hostname="Macbook-Pro.local" failures="0" tests="13" name="com.qa.opencart.test.RegisterPageTest" time="155.458" errors="0" timestamp="2022-12-02T00:55:12 MST" skipped="0">
  <testcase classname="com.qa.opencart.test.RegisterPageTest" name="validateRegisterTitleTest" time="8.512"/>
  <system-out/>
  <testcase classname="com.qa.opencart.test.RegisterPageTest" name="doRegisterNewCustomerTest" time="13.253"/>
  <system-out/>
  <testcase classname="com.qa.opencart.test.RegisterPageTest" name="doRegisterExistingCustomerTest" time="13.774"/>
  <system-out/>
  <testcase classname="com.qa.opencart.test.RegisterPageTest" name="doRegisterNewCustomerMinimumPhoneNumberValueTest" time="12.669"/>
  <system-out/>
  <testcase classname="com.qa.opencart.test.RegisterPageTest" name="doRegisterNewCustomerMaximumPhoneNumberValueTest" time="14.064"/>
  <system-out/>
  <testcase classname="com.qa.opencart.test.RegisterPageTest" name="doRegisterNewCustomerMinimumPasswordValueTest" time="12.041"/>
  <system-out/>
  <testcase classname="com.qa.opencart.test.RegisterPageTest" name="doRegisterNewCustomerMaximumPasswordValueTest" time="13.636"/>
  <system-out/>
  <testcase classname="com.qa.opencart.test.RegisterPageTest" name="doRegisterNewCustomerUnmatchedPasswordValueTest" time="12.498"/>
  <system-out/>
  <testcase classname="com.qa.opencart.test.RegisterPageTest" name="doRegisterNewCustomerMinimumPasswordValueUnmatchedTest" time="11.802"/>
  <system-out/>
  <testcase classname="com.qa.opencart.test.RegisterPageTest" name="doRegisterNewCustomerWithoutAgreementPolicyTest" time="15.445"/>
  <system-out/>
  <testcase classname="com.qa.opencart.test.RegisterPageTest" name="doForgotPasswordValidatePageTest" time="8.918"/>
  <system-out/>
  <testcase classname="com.qa.opencart.test.RegisterPageTest" name="doSendEmailForgotPasswordExistingCustomerTest" time="9.389"/>
  <system-out/>
  <testcase classname="com.qa.opencart.test.RegisterPageTest" name="doSendEmailForgotPasswordNewCustomerTest" time="9.457"/>
  <system-out/>
</testsuite> <!-- com.qa.opencart.test.RegisterPageTest -->
