<?xml version="1.0" encoding="UTF-8"?>
<!-- Generated by org.testng.reporters.JUnitReportReporter -->
<testsuite hostname="Macbook-Pro.attlocal.net" failures="0" tests="26" name="com.qa.opencart.test.RegisterPageTest" time="221.874" errors="0" timestamp="2022-11-16T22:28:11 PST" skipped="0">
  <testcase classname="com.qa.opencart.test.RegisterPageTest" name="validateRegisterTitleTest" time="8.185"/>
  <system-out/>
  <testcase classname="com.qa.opencart.test.RegisterPageTest" name="validateRegisterTitleTest" time="5.306"/>
  <system-out/>
  <testcase classname="com.qa.opencart.test.RegisterPageTest" name="doRegisterNewCustomerTest" time="7.224"/>
  <system-out/>
  <testcase classname="com.qa.opencart.test.RegisterPageTest" name="doRegisterNewCustomerTest" time="12.149"/>
  <system-out/>
  <testcase classname="com.qa.opencart.test.RegisterPageTest" name="doRegisterExistingCustomerTest" time="6.484"/>
  <system-out/>
  <testcase classname="com.qa.opencart.test.RegisterPageTest" name="doRegisterExistingCustomerTest" time="11.542"/>
  <system-out/>
  <testcase classname="com.qa.opencart.test.RegisterPageTest" name="doRegisterNewCustomerMinimumPhoneNumberValueTest" time="11.330"/>
  <system-out/>
  <testcase classname="com.qa.opencart.test.RegisterPageTest" name="doRegisterNewCustomerMinimumPhoneNumberValueTest" time="6.105"/>
  <system-out/>
  <testcase classname="com.qa.opencart.test.RegisterPageTest" name="doRegisterNewCustomerMaximumPhoneNumberValueTest" time="5.955"/>
  <system-out/>
  <testcase classname="com.qa.opencart.test.RegisterPageTest" name="doRegisterNewCustomerMaximumPhoneNumberValueTest" time="13.175"/>
  <system-out/>
  <testcase classname="com.qa.opencart.test.RegisterPageTest" name="doRegisterNewCustomerMinimumPasswordValueTest" time="10.355"/>
  <system-out/>
  <testcase classname="com.qa.opencart.test.RegisterPageTest" name="doRegisterNewCustomerMinimumPasswordValueTest" time="6.613"/>
  <system-out/>
  <testcase classname="com.qa.opencart.test.RegisterPageTest" name="doRegisterNewCustomerMaximumPasswordValueTest" time="11.530"/>
  <system-out/>
  <testcase classname="com.qa.opencart.test.RegisterPageTest" name="doRegisterNewCustomerMaximumPasswordValueTest" time="5.872"/>
  <system-out/>
  <testcase classname="com.qa.opencart.test.RegisterPageTest" name="doRegisterNewCustomerUnmatchedPasswordValueTest" time="10.275"/>
  <system-out/>
  <testcase classname="com.qa.opencart.test.RegisterPageTest" name="doRegisterNewCustomerUnmatchedPasswordValueTest" time="10.808"/>
  <system-out/>
  <testcase classname="com.qa.opencart.test.RegisterPageTest" name="doRegisterNewCustomerMinimumPasswordValueUnmatchedTest" time="5.979"/>
  <system-out/>
  <testcase classname="com.qa.opencart.test.RegisterPageTest" name="doRegisterNewCustomerMinimumPasswordValueUnmatchedTest" time="10.249"/>
  <system-out/>
  <testcase classname="com.qa.opencart.test.RegisterPageTest" name="doRegisterNewCustomerWithoutAgreementPolicyTest" time="6.276"/>
  <system-out/>
  <testcase classname="com.qa.opencart.test.RegisterPageTest" name="doRegisterNewCustomerWithoutAgreementPolicyTest" time="9.637"/>
  <system-out/>
  <testcase classname="com.qa.opencart.test.RegisterPageTest" name="doForgotPasswordValidatePageTest" time="5.814"/>
  <system-out/>
  <testcase classname="com.qa.opencart.test.RegisterPageTest" name="doForgotPasswordValidatePageTest" time="10.566"/>
  <system-out/>
  <testcase classname="com.qa.opencart.test.RegisterPageTest" name="doSendEmailForgotPasswordExistingCustomerTest" time="6.722"/>
  <system-out/>
  <testcase classname="com.qa.opencart.test.RegisterPageTest" name="doSendEmailForgotPasswordExistingCustomerTest" time="9.628"/>
  <system-out/>
  <testcase classname="com.qa.opencart.test.RegisterPageTest" name="doSendEmailForgotPasswordNewCustomerTest" time="6.224"/>
  <system-out/>
  <testcase classname="com.qa.opencart.test.RegisterPageTest" name="doSendEmailForgotPasswordNewCustomerTest" time="7.871"/>
  <system-out/>
</testsuite> <!-- com.qa.opencart.test.RegisterPageTest -->
