<?xml version="1.0" encoding="UTF-8"?>
<!-- Generated by org.testng.reporters.JUnitReportReporter -->
<testsuite hostname="Macbook-Pro.attlocal.net" failures="0" tests="24" name="com.qa.opencart.test.YourStorePageTest" time="121.445" errors="0" timestamp="2022-11-16T22:28:11 PST" skipped="0">
  <testcase classname="com.qa.opencart.test.YourStorePageTest" name="validateYourPageLogoTest" time="4.256"/>
  <system-out/>
  <testcase classname="com.qa.opencart.test.YourStorePageTest" name="validateYourPageLogoTest" time="4.623"/>
  <system-out/>
  <testcase classname="com.qa.opencart.test.YourStorePageTest" name="validateYourPageTitleTest" time="4.498"/>
  <system-out/>
  <testcase classname="com.qa.opencart.test.YourStorePageTest" name="validateYourPageTitleTest" time="4.488"/>
  <system-out/>
  <testcase classname="com.qa.opencart.test.YourStorePageTest" name="getCurrencyTest" time="4.891"/>
  <system-out/>
  <testcase classname="com.qa.opencart.test.YourStorePageTest" name="getCurrencyTest" time="5.725"/>
  <system-out/>
  <testcase classname="com.qa.opencart.test.YourStorePageTest" name="doClickOnTheContactUsIconTest" time="5.210"/>
  <system-out/>
  <testcase classname="com.qa.opencart.test.YourStorePageTest" name="doClickOnTheContactUsIconTest" time="4.893"/>
  <system-out/>
  <testcase classname="com.qa.opencart.test.YourStorePageTest" name="doClickOnTheRegisterPage" time="8.247"/>
  <system-out/>
  <testcase classname="com.qa.opencart.test.YourStorePageTest" name="doClickOnTheRegisterPage" time="5.448"/>
  <system-out/>
  <testcase classname="com.qa.opencart.test.YourStorePageTest" name="doClickOnTheLoginPage" time="4.882"/>
  <system-out/>
  <testcase classname="com.qa.opencart.test.YourStorePageTest" name="doClickOnTheLoginPage" time="4.925"/>
  <system-out/>
  <testcase classname="com.qa.opencart.test.YourStorePageTest" name="doClickOnTheShoppingCartPage" time="4.735"/>
  <system-out/>
  <testcase classname="com.qa.opencart.test.YourStorePageTest" name="doClickOnTheShoppingCartPage" time="4.621"/>
  <system-out/>
  <testcase classname="com.qa.opencart.test.YourStorePageTest" name="doClickOnTheCheckOutPage" time="4.719"/>
  <system-out/>
  <testcase classname="com.qa.opencart.test.YourStorePageTest" name="doClickOnTheCheckOutPage" time="5.939"/>
  <system-out/>
  <testcase classname="com.qa.opencart.test.YourStorePageTest" name="validateNavigationBarsTest" time="5.351"/>
  <system-out/>
  <testcase classname="com.qa.opencart.test.YourStorePageTest" name="validateNavigationBarsTest" time="4.483"/>
  <system-out/>
  <testcase classname="com.qa.opencart.test.YourStorePageTest" name="featuredTest" time="5.205"/>
  <system-out/>
  <testcase classname="com.qa.opencart.test.YourStorePageTest" name="featuredTest" time="4.039"/>
  <system-out/>
  <testcase classname="com.qa.opencart.test.YourStorePageTest" name="adsQuantityTest" time="4.051"/>
  <system-out/>
  <testcase classname="com.qa.opencart.test.YourStorePageTest" name="adsQuantityTest" time="8.045"/>
  <system-out/>
  <testcase classname="com.qa.opencart.test.YourStorePageTest" name="adsTest" time="3.853"/>
  <system-out/>
  <testcase classname="com.qa.opencart.test.YourStorePageTest" name="adsTest" time="4.318"/>
  <system-out/>
</testsuite> <!-- com.qa.opencart.test.YourStorePageTest -->
