<?xml version="1.0" encoding="UTF-8"?>
<!-- Generated by org.testng.reporters.JUnitReportReporter -->
<testsuite hostname="Macbook-Pro.local" failures="0" tests="12" name="com.qa.opencart.test.YourStorePageTest" time="73.186" errors="0" timestamp="2022-12-02T00:55:12 MST" skipped="0">
  <testcase classname="com.qa.opencart.test.YourStorePageTest" name="validateYourPageLogoTest" time="4.700"/>
  <system-out/>
  <testcase classname="com.qa.opencart.test.YourStorePageTest" name="validateYourPageTitleTest" time="4.955"/>
  <system-out/>
  <testcase classname="com.qa.opencart.test.YourStorePageTest" name="getCurrencyTest" time="6.031"/>
  <system-out/>
  <testcase classname="com.qa.opencart.test.YourStorePageTest" name="doClickOnTheContactUsIconTest" time="5.888"/>
  <system-out/>
  <testcase classname="com.qa.opencart.test.YourStorePageTest" name="doClickOnTheRegisterPage" time="9.213"/>
  <system-out/>
  <testcase classname="com.qa.opencart.test.YourStorePageTest" name="doClickOnTheLoginPage" time="12.322"/>
  <system-out/>
  <testcase classname="com.qa.opencart.test.YourStorePageTest" name="doClickOnTheShoppingCartPage" time="5.164"/>
  <system-out/>
  <testcase classname="com.qa.opencart.test.YourStorePageTest" name="doClickOnTheCheckOutPage" time="5.697"/>
  <system-out/>
  <testcase classname="com.qa.opencart.test.YourStorePageTest" name="validateNavigationBarsTest" time="5.256"/>
  <system-out/>
  <testcase classname="com.qa.opencart.test.YourStorePageTest" name="featuredTest" time="4.686"/>
  <system-out/>
  <testcase classname="com.qa.opencart.test.YourStorePageTest" name="adsQuantityTest" time="4.520"/>
  <system-out/>
  <testcase classname="com.qa.opencart.test.YourStorePageTest" name="adsTest" time="4.754"/>
  <system-out/>
</testsuite> <!-- com.qa.opencart.test.YourStorePageTest -->
