<?xml version="1.0" encoding="UTF-8"?>
<!-- Generated by org.testng.reporters.JUnitReportReporter -->
<testsuite hostname="Macbook-Pro.attlocal.net" failures="0" tests="7" name="com.qa.opencart.test.ContactUsPageTest" time="45.824" errors="0" timestamp="2022-11-22T22:51:23 PST" skipped="0">
  <testcase classname="com.qa.opencart.test.ContactUsPageTest" name="validateContactUsTitleTest" time="5.706"/>
  <system-out/>
  <testcase classname="com.qa.opencart.test.ContactUsPageTest" name="doContactUsTest" time="6.762"/>
  <system-out/>
  <testcase classname="com.qa.opencart.test.ContactUsPageTest" name="doContactUsInvalidYourNameMinimumValueTest" time="10.180"/>
  <system-out/>
  <testcase classname="com.qa.opencart.test.ContactUsPageTest" name="doContactUsInvalidYourNameMaximumValueTest" time="5.573"/>
  <system-out/>
  <testcase classname="com.qa.opencart.test.ContactUsPageTest" name="doContactUsInvalidEmailAddressTest" time="5.674"/>
  <system-out/>
  <testcase classname="com.qa.opencart.test.ContactUsPageTest" name="doContactUsInvalidEnquiryMinimumValueTest" time="5.185"/>
  <system-out/>
  <testcase classname="com.qa.opencart.test.ContactUsPageTest" name="doContactUsInvalidEnquiryMaximumValueTest" time="6.744"/>
  <system-out/>
</testsuite> <!-- com.qa.opencart.test.ContactUsPageTest -->
