<?xml version="1.0" encoding="UTF-8"?>
<!-- Generated by org.testng.reporters.JUnitReportReporter -->
<testsuite hostname="Macbook-Pro.attlocal.net" failures="0" tests="8" name="com.qa.opencart.test.LoginPageTest" time="53.992" errors="0" timestamp="2022-11-16T22:28:11 PST" skipped="0">
  <testcase classname="com.qa.opencart.test.LoginPageTest" name="validateContactUsTitleTest" time="5.121"/>
  <system-out/>
  <testcase classname="com.qa.opencart.test.LoginPageTest" name="validateContactUsTitleTest" time="4.803"/>
  <system-out/>
  <testcase classname="com.qa.opencart.test.LoginPageTest" name="doLoginValidCredentialsTest" time="10.063"/>
  <system-out/>
  <testcase classname="com.qa.opencart.test.LoginPageTest" name="doLoginValidCredentialsTest" time="7.178"/>
  <system-out/>
  <testcase classname="com.qa.opencart.test.LoginPageTest" name="doLoginInvalidCredentialsTest" time="5.455"/>
  <system-out/>
  <testcase classname="com.qa.opencart.test.LoginPageTest" name="doLoginInvalidCredentialsTest" time="5.904"/>
  <system-out/>
  <testcase classname="com.qa.opencart.test.LoginPageTest" name="doLogOutTest" time="6.419"/>
  <system-out/>
  <testcase classname="com.qa.opencart.test.LoginPageTest" name="doLogOutTest" time="9.049"/>
  <system-out/>
</testsuite> <!-- com.qa.opencart.test.LoginPageTest -->
