<?xml version="1.0" encoding="UTF-8"?>
<!-- Generated by org.testng.reporters.JUnitReportReporter -->
<testsuite hostname="Macbook-Pro.attlocal.net" failures="0" tests="10" name="com.qa.opencart.test.LoginPageTest" time="62.444" errors="0" timestamp="2022-11-22T22:51:23 PST" skipped="0">
  <testcase classname="com.qa.opencart.test.LoginPageTest" name="validateLoginPageTitleTest" time="5.719"/>
  <system-out/>
  <testcase classname="com.qa.opencart.test.LoginPageTest" name="doLoginValidCredentialsTest" time="7.008"/>
  <system-out/>
  <testcase classname="com.qa.opencart.test.LoginPageTest" name="doLoginNotExistingCredentialsTest" time="5.765"/>
  <system-out/>
  <testcase classname="com.qa.opencart.test.LoginPageTest" name="doLoginWrongEmailValidPswCredentialsTest" time="5.586"/>
  <system-out/>
  <testcase classname="com.qa.opencart.test.LoginPageTest" name="doLoginValidEmailWrongPswCredentialsTest" time="5.345"/>
  <system-out/>
  <testcase classname="com.qa.opencart.test.LoginPageTest" name="doLoginBetweenOneToFourValidPswCredentialsTest" time="5.489"/>
  <system-out/>
  <testcase classname="com.qa.opencart.test.LoginPageTest" name="doLoginValidEmailJustNumbersPswCredentialsTest" time="5.172"/>
  <system-out/>
  <testcase classname="com.qa.opencart.test.LoginPageTest" name="doLoginBetweenOneToFourEmailJustNumbersPswCredentialsTest" time="5.687"/>
  <system-out/>
  <testcase classname="com.qa.opencart.test.LoginPageTest" name="doLoginInvalidCredentialsTest" time="10.022"/>
  <system-out/>
  <testcase classname="com.qa.opencart.test.LoginPageTest" name="doLogOutTest" time="6.651"/>
  <system-out/>
</testsuite> <!-- com.qa.opencart.test.LoginPageTest -->
